\BOOKMARK [1][-]{section.1}{\376\377\0001\000\040\000I\000n\000t\000r\000o\000d\000u\000c\000t\000i\000o\000n}{}% 1
\BOOKMARK [1][-]{section.2}{\376\377\0002\000\040\000P\000r\000e\000l\000i\000m\000i\000n\000a\000r\000i\000e\000s}{}% 2
\BOOKMARK [2][-]{subsection.2.1}{\376\377\0002\000.\0001\000\040\000T\000r\000e\000e\000-\000w\000i\000d\000t\000h\000\040\0002\000\040\000g\000r\000a\000p\000h\000s}{section.2}% 3
\BOOKMARK [2][-]{subsection.2.2}{\376\377\0002\000.\0002\000\040\000C\000o\000u\000n\000t\000i\000n\000g\000\040\000m\000o\000n\000a\000d\000i\000c\000\040\000s\000e\000c\000o\000n\000d\000-\000o\000r\000d\000e\000r\000\040\000l\000o\000g\000i\000c}{section.2}% 4
\BOOKMARK [2][-]{subsection.2.3}{\376\377\0002\000.\0003\000\040\000R\000e\000c\000o\000g\000n\000i\000z\000a\000b\000i\000l\000i\000t\000y}{section.2}% 5
\BOOKMARK [2][-]{subsection.2.4}{\376\377\0002\000.\0004\000\040\000O\000p\000e\000r\000a\000t\000i\000o\000n\000s\000\040\000o\000n\000\040\000g\000r\000a\000p\000h\000\040\000l\000a\000n\000g\000u\000a\000g\000e\000s}{section.2}% 6
\BOOKMARK [2][-]{subsection.2.5}{\376\377\0002\000.\0005\000\040\000P\000u\000r\000e\000\040\000g\000r\000a\000p\000h\000s\000\040\000a\000n\000d\000\040\000m\000o\000d\000u\000l\000e\000s}{section.2}% 7
\BOOKMARK [1][-]{section.3}{\376\377\0003\000\040\000R\000e\000g\000u\000l\000a\000r\000\040\000e\000x\000p\000r\000e\000s\000s\000i\000o\000n\000s\000\040\000f\000o\000r\000\040\000t\000w\0002\000\040\000g\000r\000a\000p\000h\000s}{}% 8
\BOOKMARK [2][-]{subsection.3.1}{\376\377\0003\000.\0001\000\040\000R\000e\000g\000u\000l\000a\000r\000\040\000e\000x\000p\000r\000e\000s\000s\000i\000o\000n\000s\000\040\000f\000o\000r\000\040\000w\000o\000r\000d\000\040\000a\000n\000d\000\040\000m\000u\000l\000t\000i\000s\000e\000t\000\040\000g\000r\000a\000p\000h\000s}{section.3}% 9
\BOOKMARK [2][-]{subsection.3.2}{\376\377\0003\000.\0002\000\040\000C\000o\000n\000t\000e\000x\000t\000-\000f\000r\000e\000e\000\040\000e\000x\000p\000r\000e\000s\000s\000i\000o\000n\000s}{section.3}% 10
\BOOKMARK [2][-]{subsection.3.3}{\376\377\0003\000.\0003\000\040\000T\000h\000e\000\040\000g\000u\000a\000r\000d\000\040\000c\000o\000n\000d\000i\000t\000i\000o\000n}{section.3}% 11
\BOOKMARK [2][-]{subsection.3.4}{\376\377\0003\000.\0004\000\040\000E\000x\000a\000m\000p\000l\000e\000s}{section.3}% 12
\BOOKMARK [2][-]{subsection.3.5}{\376\377\0003\000.\0005\000\040\000M\000a\000i\000n\000\040\000r\000e\000s\000u\000l\000t}{section.3}% 13
\BOOKMARK [1][-]{section.4}{\376\377\0004\000\040\000C\000o\000m\000p\000a\000n\000i\000o\000n\000\040\000r\000e\000l\000a\000t\000i\000o\000n\000s}{}% 14
\BOOKMARK [2][-]{subsection.4.1}{\376\377\0004\000.\0001\000\040\000T\000h\000e\000\040\000l\000o\000g\000i\000c\000\040\000C\000M\000S\000O\000r\000\040\000h\000a\000v\000e\000\040\000t\000h\000e\000\040\000s\000a\000m\000e\000\040\000e\000x\000p\000r\000e\000s\000s\000i\000v\000e\000\040\000p\000o\000w\000e\000r\000\040\000a\000s\000\040\000C\000M\000S\000O}{section.4}% 15
\BOOKMARK [1][-]{section.5}{\376\377\0005\000\040\000R\000e\000g\000u\000l\000a\000r\000\040\000i\000m\000p\000l\000i\000e\000s\000\040\000C\000M\000S\000O\000\040\000d\000e\000f\000i\000n\000a\000b\000l\000e}{}% 16
\BOOKMARK [2][-]{subsection.5.1}{\376\377\0005\000.\0001\000\040\000I\000t\000e\000r\000a\000t\000i\000o\000n\000\040\000o\000f\000\040\000C\000M\000S\000O\000\040\000f\000o\000r\000m\000u\000l\000a\000s\000\040\000i\000s\000\040\000C\000M\000S\000O\000d\000\040\000d\000e\000f\000i\000n\000a\000b\000l\000e}{section.5}% 17
\BOOKMARK [3][-]{subsubsection.5.1.1}{\376\377\0005\000.\0001\000.\0001\000\040\000D\000e\000c\000o\000m\000p\000o\000s\000i\000t\000i\000o\000n\000s}{subsection.5.1}% 18
\BOOKMARK [3][-]{subsubsection.5.1.2}{\376\377\0005\000.\0001\000.\0002\000\040\000T\000h\000e\000\040\000l\000o\000g\000i\000c\000\040\000C\000M\000S\000O\000d}{subsection.5.1}% 19
\BOOKMARK [3][-]{subsubsection.5.1.3}{\376\377\0005\000.\0001\000.\0003\000\040\000I\000t\000e\000r\000a\000t\000i\000o\000n\000\040\000i\000s\000\040\000e\000x\000p\000r\000e\000s\000s\000i\000b\000l\000e\000\040\000i\000n\000\040\000C\000M\000S\000O\000d}{subsection.5.1}% 20
\BOOKMARK [2][-]{subsection.5.2}{\376\377\0005\000.\0002\000\040\000G\000u\000a\000r\000d\000e\000d\000\040\000i\000t\000e\000r\000a\000t\000i\000o\000n\000\040\000o\000f\000\040\000C\000M\000S\000O\000\040\000l\000a\000n\000g\000u\000a\000g\000e\000s\000\040\000i\000s\000\040\000C\000M\000S\000O\000r\000\040\000d\000e\000f\000i\000n\000a\000b\000l\000e}{section.5}% 21
\BOOKMARK [3][-]{subsubsection.5.2.1}{\376\377\0005\000.\0002\000.\0001\000\040\000T\000h\000e\000\040\000c\000a\000s\000e\000\040\000o\000f\000\040\000t\000e\000s\000t\000\040\000l\000a\000n\000g\000u\000a\000g\000e\000s}{subsection.5.2}% 22
\BOOKMARK [3][-]{subsubsection.5.2.2}{\376\377\0005\000.\0002\000.\0002\000\040\000T\000h\000e\000\040\000c\000a\000s\000e\000\040\000o\000f\000\040\000d\000o\000m\000a\000i\000n\000\040\000l\000a\000n\000g\000u\000a\000g\000e\000s}{subsection.5.2}% 23
\BOOKMARK [3][-]{subsubsection.5.2.3}{\376\377\0005\000.\0002\000.\0003\000\040\000T\000h\000e\000\040\000c\000a\000s\000e\000\040\000o\000f\000\040\000p\000a\000r\000a\000l\000l\000e\000l\000\040\000l\000a\000n\000g\000u\000a\000g\000e\000s}{subsection.5.2}% 24
\BOOKMARK [3][-]{subsubsection.5.2.4}{\376\377\0005\000.\0002\000.\0004\000\040\000T\000h\000e\000\040\000c\000a\000s\000e\000\040\000o\000f\000\040\000s\000e\000r\000i\000e\000s\000\040\000l\000a\000n\000g\000u\000a\000g\000e\000s}{subsection.5.2}% 25
\BOOKMARK [1][-]{section.6}{\376\377\0006\000\040\000R\000e\000c\000o\000g\000n\000i\000z\000a\000b\000l\000e\000\040\000i\000m\000p\000l\000i\000e\000s\000\040\000r\000e\000g\000u\000l\000a\000r}{}% 26
\BOOKMARK [2][-]{subsection.6.1}{\376\377\0006\000.\0001\000\040\000P\000r\000e\000l\000i\000m\000i\000n\000a\000r\000i\000e\000s}{section.6}% 27
\BOOKMARK [2][-]{subsection.6.2}{\376\377\0006\000.\0002\000\040\000A\000l\000t\000e\000r\000n\000a\000t\000i\000o\000n\000-\000f\000r\000e\000e\000\040\000d\000o\000m\000a\000i\000n\000-\000f\000r\000e\000e\000\040\000g\000r\000a\000p\000h\000s}{section.6}% 28
\BOOKMARK [2][-]{subsection.6.3}{\376\377\0006\000.\0003\000\040\000D\000o\000m\000a\000i\000n\000-\000f\000r\000e\000e\000\040\000g\000r\000a\000p\000h\000s}{section.6}% 29
\BOOKMARK [2][-]{subsection.6.4}{\376\377\0006\000.\0004\000\040\000D\000o\000m\000a\000i\000n\000\040\000g\000r\000a\000p\000h\000s}{section.6}% 30
\BOOKMARK [2][-]{subsection.6.5}{\376\377\0006\000.\0005\000\040\000T\000W\0002\000\040\000g\000r\000a\000p\000h\000s}{section.6}% 31
\BOOKMARK [1][-]{section.7}{\376\377\0007\000\040\000C\000o\000n\000c\000l\000u\000s\000i\000o\000n}{}% 32
