This is pdfTeX, Version 3.141592653-2.6-1.40.22 (TeX Live 2021) (preloaded format=pdflatex 2021.4.23)  25 APR 2022 15:41
entering extended mode
 restricted \write18 enabled.
 %&-line parsing enabled.
**0-main.tex
(./0-main.tex
LaTeX2e <2020-10-01> patch level 4
L3 programming layer <2021-02-18> (./lipics-v2021.cls
Document Class: lipics-v2021 2021/05/04 v3.1.2 LIPIcs articles
(/usr/local/texlive/2021/texmf-dist/tex/latex/base/article.cls
Document Class: article 2020/04/10 v1.4m Standard LaTeX document class
(/usr/local/texlive/2021/texmf-dist/tex/latex/base/fleqn.clo
File: fleqn.clo 2016/12/29 v1.2b Standard LaTeX option (flush left equations)
\mathindent=\skip47
Applying: [2015/01/01] Make \[ robust on input line 50.
LaTeX Info: Redefining \[ on input line 51.
Already applied: [0000/00/00] Make \[ robust on input line 62.
Applying: [2015/01/01] Make \] robust on input line 74.
LaTeX Info: Redefining \] on input line 75.
Already applied: [0000/00/00] Make \] robust on input line 83.
)
(/usr/local/texlive/2021/texmf-dist/tex/latex/base/size10.clo
File: size10.clo 2020/04/10 v1.4m Standard LaTeX file (size option)
)
\c@part=\count179
\c@section=\count180
\c@subsection=\count181
\c@subsubsection=\count182
\c@paragraph=\count183
\c@subparagraph=\count184
\c@figure=\count185
\c@table=\count186
\abovecaptionskip=\skip48
\belowcaptionskip=\skip49
\bibindent=\dimen138
)
\tocfile=\write3

(/usr/local/texlive/2021/texmf-dist/tex/latex/microtype/microtype.sty
Package: microtype 2021/03/14 v2.8c Micro-typographical refinements (RS)

(/usr/local/texlive/2021/texmf-dist/tex/latex/graphics/keyval.sty
Package: keyval 2014/10/28 v1.15 key=value parser (DPC)
\KV@toks@=\toks15
)
\MT@toks=\toks16
\MT@count=\count187
LaTeX Info: Redefining \textls on input line 790.
\MT@outer@kern=\dimen139
LaTeX Info: Redefining \textmicrotypecontext on input line 1374.
\MT@listname@count=\count188

(/usr/local/texlive/2021/texmf-dist/tex/latex/microtype/microtype-pdftex.def
File: microtype-pdftex.def 2021/03/14 v2.8c Definitions specific to pdftex (RS)

LaTeX Info: Redefining \lsstyle on input line 915.
LaTeX Info: Redefining \lslig on input line 915.
\MT@outer@space=\skip50
)
Package microtype Info: Loading configuration file microtype.cfg.

(/usr/local/texlive/2021/texmf-dist/tex/latex/microtype/microtype.cfg
File: microtype.cfg 2021/03/14 v2.8c microtype main configuration file (RS)
))
(/usr/local/texlive/2021/texmf-dist/tex/latex/base/inputenc.sty
Package: inputenc 2020/08/01 v1.3d Input encoding file
\inpenc@prehook=\toks17
\inpenc@posthook=\toks18
)
(/usr/local/texlive/2021/texmf-dist/tex/latex/lm/lmodern.sty
Package: lmodern 2015/05/01 v1.6.1 Latin Modern Fonts
LaTeX Font Info:    Overwriting symbol font `operators' in version `normal'
(Font)                  OT1/cmr/m/n --> OT1/lmr/m/n on input line 22.
LaTeX Font Info:    Overwriting symbol font `letters' in version `normal'
(Font)                  OML/cmm/m/it --> OML/lmm/m/it on input line 23.
LaTeX Font Info:    Overwriting symbol font `symbols' in version `normal'
(Font)                  OMS/cmsy/m/n --> OMS/lmsy/m/n on input line 24.
LaTeX Font Info:    Overwriting symbol font `largesymbols' in version `normal'
(Font)                  OMX/cmex/m/n --> OMX/lmex/m/n on input line 25.
LaTeX Font Info:    Overwriting symbol font `operators' in version `bold'
(Font)                  OT1/cmr/bx/n --> OT1/lmr/bx/n on input line 26.
LaTeX Font Info:    Overwriting symbol font `letters' in version `bold'
(Font)                  OML/cmm/b/it --> OML/lmm/b/it on input line 27.
LaTeX Font Info:    Overwriting symbol font `symbols' in version `bold'
(Font)                  OMS/cmsy/b/n --> OMS/lmsy/b/n on input line 28.
LaTeX Font Info:    Overwriting symbol font `largesymbols' in version `bold'
(Font)                  OMX/cmex/m/n --> OMX/lmex/m/n on input line 29.
LaTeX Font Info:    Overwriting math alphabet `\mathbf' in version `normal'
(Font)                  OT1/cmr/bx/n --> OT1/lmr/bx/n on input line 31.
LaTeX Font Info:    Overwriting math alphabet `\mathsf' in version `normal'
(Font)                  OT1/cmss/m/n --> OT1/lmss/m/n on input line 32.
LaTeX Font Info:    Overwriting math alphabet `\mathit' in version `normal'
(Font)                  OT1/cmr/m/it --> OT1/lmr/m/it on input line 33.
LaTeX Font Info:    Overwriting math alphabet `\mathtt' in version `normal'
(Font)                  OT1/cmtt/m/n --> OT1/lmtt/m/n on input line 34.
LaTeX Font Info:    Overwriting math alphabet `\mathbf' in version `bold'
(Font)                  OT1/cmr/bx/n --> OT1/lmr/bx/n on input line 35.
LaTeX Font Info:    Overwriting math alphabet `\mathsf' in version `bold'
(Font)                  OT1/cmss/bx/n --> OT1/lmss/bx/n on input line 36.
LaTeX Font Info:    Overwriting math alphabet `\mathit' in version `bold'
(Font)                  OT1/cmr/bx/it --> OT1/lmr/bx/it on input line 37.
LaTeX Font Info:    Overwriting math alphabet `\mathtt' in version `bold'
(Font)                  OT1/cmtt/m/n --> OT1/lmtt/m/n on input line 38.
)
(/usr/local/texlive/2021/texmf-dist/tex/latex/fontawesome5/fontawesome5.sty
(/usr/local/texlive/2021/texmf-dist/tex/latex/l3kernel/expl3.sty
Package: expl3 2021-02-18 L3 programming layer (loader) 

(/usr/local/texlive/2021/texmf-dist/tex/latex/l3backend/l3backend-pdftex.def
File: l3backend-pdftex.def 2021-03-18 L3 backend support: PDF output (pdfTeX)
\l__color_backend_stack_int=\count189
\l__pdf_internal_box=\box47
))
Package: fontawesome5 2020/03/24 v5.13.0 Font Awesome 5

(/usr/local/texlive/2021/texmf-dist/tex/latex/l3packages/l3keys2e/l3keys2e.sty
Package: l3keys2e 2021-03-12 LaTeX2e option processing using LaTeX3 keys
) (/usr/local/texlive/2021/texmf-dist/tex/latex/l3packages/xparse/xparse.sty
(/usr/local/texlive/2021/texmf-dist/tex/latex/l3packages/xparse/xparse-2020-10-
01.sty
(/usr/local/texlive/2021/texmf-dist/tex/latex/l3packages/xparse/xparse-generic.
tex)))
(/usr/local/texlive/2021/texmf-dist/tex/latex/fontawesome5/fontawesome5-generic
-helper.sty
Package: fontawesome5-generic-helper 2020/03/24 v5.13.0 non-uTeX helper for fon
tawesome5

(/usr/local/texlive/2021/texmf-dist/tex/latex/fontawesome5/fontawesome5-mapping
.def))) (/usr/local/texlive/2021/texmf-dist/tex/latex/base/fontenc.sty
Package: fontenc 2020/08/10 v2.0s Standard LaTeX package
LaTeX Font Info:    Trying to load font information for T1+lmr on input line 11
2.

(/usr/local/texlive/2021/texmf-dist/tex/latex/lm/t1lmr.fd
File: t1lmr.fd 2015/05/01 v1.6.1 Font defs for Latin Modern
))
(/usr/local/texlive/2021/texmf-dist/tex/latex/base/textcomp.sty
Package: textcomp 2020/02/02 v2.0n Standard LaTeX package
)
(/usr/local/texlive/2021/texmf-dist/tex/latex/amsfonts/eucal.sty
Package: eucal 2009/06/22 v3.00 Euler Script fonts
LaTeX Font Info:    Overwriting math alphabet `\EuScript' in version `bold'
(Font)                  U/eus/m/n --> U/eus/b/n on input line 33.
)
(/usr/local/texlive/2021/texmf-dist/tex/latex/amsfonts/amssymb.sty
Package: amssymb 2013/01/14 v3.01 AMS font symbols

(/usr/local/texlive/2021/texmf-dist/tex/latex/amsfonts/amsfonts.sty
Package: amsfonts 2013/01/14 v3.01 Basic AMSFonts support
\@emptytoks=\toks19
\symAMSa=\mathgroup4
\symAMSb=\mathgroup5
LaTeX Font Info:    Redeclaring math symbol \hbar on input line 98.
LaTeX Font Info:    Overwriting math alphabet `\mathfrak' in version `bold'
(Font)                  U/euf/m/n --> U/euf/b/n on input line 106.
))
(/usr/local/texlive/2021/texmf-dist/tex/generic/soul/soul.sty
Package: soul 2003/11/17 v2.4 letterspacing/underlining (mf)
\SOUL@word=\toks20
\SOUL@lasttoken=\toks21
\SOUL@cmds=\toks22
\SOUL@buffer=\toks23
\SOUL@token=\toks24
\SOUL@spaceskip=\skip51
\SOUL@ttwidth=\dimen140
\SOUL@uldp=\dimen141
\SOUL@ulht=\dimen142
)
(/usr/local/texlive/2021/texmf-dist/tex/latex/graphics/color.sty
Package: color 2020/02/24 v1.2b Standard LaTeX Color (DPC)

(/usr/local/texlive/2021/texmf-dist/tex/latex/graphics-cfg/color.cfg
File: color.cfg 2016/01/02 v1.6 sample color configuration
)
Package color Info: Driver file: pdftex.def on input line 147.

(/usr/local/texlive/2021/texmf-dist/tex/latex/graphics-def/pdftex.def
File: pdftex.def 2020/10/05 v1.2a Graphics/color driver for pdftex
))
(/usr/local/texlive/2021/texmf-dist/tex/generic/babel/babel.sty
Package: babel 2021/04/07 3.57 The Babel package

(/usr/local/texlive/2021/texmf-dist/tex/generic/babel/babel.def
File: babel.def 2021/04/07 3.57 Babel common definitions
\babel@savecnt=\count190
\U@D=\dimen143
\l@babelnohyphens=\language87

(/usr/local/texlive/2021/texmf-dist/tex/generic/babel/txtbabel.def)
\bbl@readstream=\read2
)
\bbl@dirlevel=\count191

(/usr/local/texlive/2021/texmf-dist/tex/generic/babel-english/UKenglish.ldf
Language: UKenglish 2017/06/06 v3.3r English support from the babel system

(/usr/local/texlive/2021/texmf-dist/tex/generic/babel-english/english.ldf
Language: english 2017/06/06 v3.3r English support from the babel system
Package babel Info: \l@canadian = using hyphenrules for english
(babel)             (\language0) on input line 102.
Package babel Info: \l@australian = using hyphenrules for ukenglish
(babel)             (\language21) on input line 105.
Package babel Info: \l@newzealand = using hyphenrules for ukenglish
(babel)             (\language21) on input line 108.
)))
(/usr/local/texlive/2021/texmf-dist/tex/latex/amsmath/amsmath.sty
Package: amsmath 2020/09/23 v2.17i AMS math features
\@mathmargin=\skip52

For additional information on amsmath, use the `?' option.
(/usr/local/texlive/2021/texmf-dist/tex/latex/amsmath/amstext.sty
Package: amstext 2000/06/29 v2.01 AMS text

(/usr/local/texlive/2021/texmf-dist/tex/latex/amsmath/amsgen.sty
File: amsgen.sty 1999/11/30 v2.0 generic functions
\@emptytoks=\toks25
\ex@=\dimen144
))
(/usr/local/texlive/2021/texmf-dist/tex/latex/amsmath/amsbsy.sty
Package: amsbsy 1999/11/29 v1.2d Bold Symbols
\pmbraise@=\dimen145
)
(/usr/local/texlive/2021/texmf-dist/tex/latex/amsmath/amsopn.sty
Package: amsopn 2016/03/08 v2.02 operator names
)
\inf@bad=\count192
LaTeX Info: Redefining \frac on input line 234.
\uproot@=\count193
\leftroot@=\count194
LaTeX Info: Redefining \overline on input line 399.
\classnum@=\count195
\DOTSCASE@=\count196
LaTeX Info: Redefining \ldots on input line 496.
LaTeX Info: Redefining \dots on input line 499.
LaTeX Info: Redefining \cdots on input line 620.
\Mathstrutbox@=\box48
\strutbox@=\box49
\big@size=\dimen146
LaTeX Font Info:    Redeclaring font encoding OML on input line 743.
LaTeX Font Info:    Redeclaring font encoding OMS on input line 744.
\macc@depth=\count197
\c@MaxMatrixCols=\count198
\dotsspace@=\muskip16
\c@parentequation=\count199
\dspbrk@lvl=\count266
\tag@help=\toks26
\row@=\count267
\column@=\count268
\maxfields@=\count269
\andhelp@=\toks27
\eqnshift@=\dimen147
\alignsep@=\dimen148
\tagshift@=\dimen149
\tagwidth@=\dimen150
\totwidth@=\dimen151
\lineht@=\dimen152
\@envbody=\toks28
\multlinegap=\skip53
\multlinetaggap=\skip54
\mathdisplay@stack=\toks29
LaTeX Info: Redefining \[ on input line 2923.
LaTeX Info: Redefining \] on input line 2924.
)
(/usr/local/texlive/2021/texmf-dist/tex/latex/tools/enumerate.sty
Package: enumerate 2015/07/23 v3.00 enumerate extensions (DPC)
\@enLab=\toks30
)
(/usr/local/texlive/2021/texmf-dist/tex/latex/graphics/graphicx.sty
Package: graphicx 2020/09/09 v1.2b Enhanced LaTeX Graphics (DPC,SPQR)

(/usr/local/texlive/2021/texmf-dist/tex/latex/graphics/graphics.sty
Package: graphics 2020/08/30 v1.4c Standard LaTeX Graphics (DPC,SPQR)

(/usr/local/texlive/2021/texmf-dist/tex/latex/graphics/trig.sty
Package: trig 2016/01/03 v1.10 sin cos tan (DPC)
)
(/usr/local/texlive/2021/texmf-dist/tex/latex/graphics-cfg/graphics.cfg
File: graphics.cfg 2016/06/04 v1.11 sample graphics configuration
)
Package graphics Info: Driver file: pdftex.def on input line 105.
)
\Gin@req@height=\dimen153
\Gin@req@width=\dimen154
)
(/usr/local/texlive/2021/texmf-dist/tex/latex/tools/array.sty
Package: array 2020/10/01 v2.5c Tabular extension package (FMi)
\col@sep=\dimen155
\ar@mcellbox=\box50
\extrarowheight=\dimen156
\NC@list=\toks31
\extratabsurround=\skip55
\backup@length=\skip56
\ar@cellbox=\box51
)
(/usr/local/texlive/2021/texmf-dist/tex/latex/multirow/multirow.sty
Package: multirow 2021/03/15 v2.8 Span multiple rows of a table
\multirow@colwidth=\skip57
\multirow@cntb=\count270
\multirow@dima=\skip58
\bigstrutjot=\dimen157
)
(/usr/local/texlive/2021/texmf-dist/tex/latex/tools/tabularx.sty
Package: tabularx 2020/01/15 v2.11c `tabularx' package (DPC)
\TX@col@width=\dimen158
\TX@old@table=\dimen159
\TX@old@col=\dimen160
\TX@target=\dimen161
\TX@delta=\dimen162
\TX@cols=\count271
\TX@ftn=\toks32
)
(/usr/local/texlive/2021/texmf-dist/tex/latex/threeparttable/threeparttable.sty
Package: threeparttable 2003/06/13  v 3.0
\@tempboxb=\box52
) (/usr/local/texlive/2021/texmf-dist/tex/latex/listings/listings.sty
\lst@mode=\count272
\lst@gtempboxa=\box53
\lst@token=\toks33
\lst@length=\count273
\lst@currlwidth=\dimen163
\lst@column=\count274
\lst@pos=\count275
\lst@lostspace=\dimen164
\lst@width=\dimen165
\lst@newlines=\count276
\lst@lineno=\count277
\lst@maxwidth=\dimen166

(/usr/local/texlive/2021/texmf-dist/tex/latex/listings/lstmisc.sty
File: lstmisc.sty 2020/03/24 1.8d (Carsten Heinz)
\c@lstnumber=\count278
\lst@skipnumbers=\count279
\lst@framebox=\box54
)
(/usr/local/texlive/2021/texmf-dist/tex/latex/listings/listings.cfg
File: listings.cfg 2020/03/24 1.8d listings configuration
))
Package: listings 2020/03/24 1.8d (Carsten Heinz)

(/usr/local/texlive/2021/texmf-dist/tex/latex/lineno/lineno.sty
Package: lineno 2005/11/02 line numbers on paragraphs v4.41
\linenopenalty=\count280
\output=\toks34
\linenoprevgraf=\count281
\linenumbersep=\dimen167
\linenumberwidth=\dimen168
\c@linenumber=\count282
\c@pagewiselinenumber=\count283
\c@LN@truepage=\count284
\c@internallinenumber=\count285
\c@internallinenumbers=\count286
\quotelinenumbersep=\dimen169
\bframerule=\dimen170
\bframesep=\dimen171
\bframebox=\box55
LaTeX Info: Redefining \\ on input line 3056.
)
(/usr/local/texlive/2021/texmf-dist/tex/latex/totpages/totpages.sty
Package: totpages 2005/09/19 v2.00 Totpages Package (muewi)

(/usr/local/texlive/2021/texmf-dist/tex/latex/base/everyshi-ltx.sty
Package: everyshi-ltx 2020/08/17 v1.0a Emulation of the original everyshi packa
ge
with kernel methods
))
(/usr/local/texlive/2021/texmf-dist/tex/latex/hyperref/hyperref.sty
Package: hyperref 2021-02-27 v7.00k Hypertext links for LaTeX

(/usr/local/texlive/2021/texmf-dist/tex/generic/ltxcmds/ltxcmds.sty
Package: ltxcmds 2020-05-10 v1.25 LaTeX kernel commands for general use (HO)
)
(/usr/local/texlive/2021/texmf-dist/tex/generic/iftex/iftex.sty
Package: iftex 2020/03/06 v1.0d TeX engine tests
)
(/usr/local/texlive/2021/texmf-dist/tex/generic/pdftexcmds/pdftexcmds.sty
Package: pdftexcmds 2020-06-27 v0.33 Utility functions of pdfTeX for LuaTeX (HO
)

(/usr/local/texlive/2021/texmf-dist/tex/generic/infwarerr/infwarerr.sty
Package: infwarerr 2019/12/03 v1.5 Providing info/warning/error messages (HO)
)
Package pdftexcmds Info: \pdf@primitive is available.
Package pdftexcmds Info: \pdf@ifprimitive is available.
Package pdftexcmds Info: \pdfdraftmode found.
)
(/usr/local/texlive/2021/texmf-dist/tex/generic/kvsetkeys/kvsetkeys.sty
Package: kvsetkeys 2019/12/15 v1.18 Key value parser (HO)
)
(/usr/local/texlive/2021/texmf-dist/tex/generic/kvdefinekeys/kvdefinekeys.sty
Package: kvdefinekeys 2019-12-19 v1.6 Define keys (HO)
)
(/usr/local/texlive/2021/texmf-dist/tex/generic/pdfescape/pdfescape.sty
Package: pdfescape 2019/12/09 v1.15 Implements pdfTeX's escape features (HO)
)
(/usr/local/texlive/2021/texmf-dist/tex/latex/hycolor/hycolor.sty
Package: hycolor 2020-01-27 v1.10 Color options for hyperref/bookmark (HO)
)
(/usr/local/texlive/2021/texmf-dist/tex/latex/letltxmacro/letltxmacro.sty
Package: letltxmacro 2019/12/03 v1.6 Let assignment for LaTeX macros (HO)
)
(/usr/local/texlive/2021/texmf-dist/tex/latex/auxhook/auxhook.sty
Package: auxhook 2019-12-17 v1.6 Hooks for auxiliary files (HO)
)
(/usr/local/texlive/2021/texmf-dist/tex/latex/kvoptions/kvoptions.sty
Package: kvoptions 2020-10-07 v3.14 Key value format for package options (HO)
)
\@linkdim=\dimen172
\Hy@linkcounter=\count287
\Hy@pagecounter=\count288

(/usr/local/texlive/2021/texmf-dist/tex/latex/hyperref/pd1enc.def
File: pd1enc.def 2021-02-27 v7.00k Hyperref: PDFDocEncoding definition (HO)
Now handling font encoding PD1 ...
... no UTF-8 mapping file for font encoding PD1
)
(/usr/local/texlive/2021/texmf-dist/tex/latex/hyperref/hyperref-langpatches.def
File: hyperref-langpatches.def 2021-02-27 v7.00k Hyperref: patches for babel la
nguages
) (/usr/local/texlive/2021/texmf-dist/tex/generic/intcalc/intcalc.sty
Package: intcalc 2019/12/15 v1.3 Expandable calculations with integers (HO)
)
(/usr/local/texlive/2021/texmf-dist/tex/generic/etexcmds/etexcmds.sty
Package: etexcmds 2019/12/15 v1.7 Avoid name clashes with e-TeX commands (HO)
)
\Hy@SavedSpaceFactor=\count289

(/usr/local/texlive/2021/texmf-dist/tex/latex/hyperref/puenc.def
File: puenc.def 2021-02-27 v7.00k Hyperref: PDF Unicode definition (HO)
Now handling font encoding PU ...
... no UTF-8 mapping file for font encoding PU
)
Package hyperref Info: Option `unicode' set `true' on input line 4073.
Package hyperref Info: Hyper figures OFF on input line 4192.
Package hyperref Info: Link nesting OFF on input line 4197.
Package hyperref Info: Hyper index ON on input line 4200.
Package hyperref Info: Plain pages OFF on input line 4207.
Package hyperref Info: Backreferencing OFF on input line 4212.
Package hyperref Info: Implicit mode ON; LaTeX internals redefined.
Package hyperref Info: Bookmarks ON on input line 4445.
\c@Hy@tempcnt=\count290

(/usr/local/texlive/2021/texmf-dist/tex/latex/url/url.sty
\Urlmuskip=\muskip17
Package: url 2013/09/16  ver 3.4  Verb mode for urls, etc.
)
LaTeX Info: Redefining \url on input line 4804.
\XeTeXLinkMargin=\dimen173

(/usr/local/texlive/2021/texmf-dist/tex/generic/bitset/bitset.sty
Package: bitset 2019/12/09 v1.3 Handle bit-vector datatype (HO)

(/usr/local/texlive/2021/texmf-dist/tex/generic/bigintcalc/bigintcalc.sty
Package: bigintcalc 2019/12/15 v1.5 Expandable calculations on big integers (HO
)
))
\Fld@menulength=\count291
\Field@Width=\dimen174
\Fld@charsize=\dimen175
Package hyperref Info: Hyper figures OFF on input line 6075.
Package hyperref Info: Link nesting OFF on input line 6080.
Package hyperref Info: Hyper index ON on input line 6083.
Package hyperref Info: backreferencing OFF on input line 6090.
Package hyperref Info: Link coloring OFF on input line 6095.
Package hyperref Info: Link coloring with OCG OFF on input line 6100.
Package hyperref Info: PDF/A mode OFF on input line 6105.
LaTeX Info: Redefining \ref on input line 6145.
LaTeX Info: Redefining \pageref on input line 6149.

(/usr/local/texlive/2021/texmf-dist/tex/latex/base/atbegshi-ltx.sty
Package: atbegshi-ltx 2020/08/17 v1.0a Emulation of the original atbegshi packa
ge
with kernel methods
)
\Hy@abspage=\count292
\c@Item=\count293
\c@Hfootnote=\count294
)
Package hyperref Info: Driver (autodetected): hpdftex.

(/usr/local/texlive/2021/texmf-dist/tex/latex/hyperref/hpdftex.def
File: hpdftex.def 2021-02-27 v7.00k Hyperref driver for pdfTeX

(/usr/local/texlive/2021/texmf-dist/tex/latex/base/atveryend-ltx.sty
Package: atveryend-ltx 2020/08/19 v1.0a Emulation of the original atvery packag
e
with kernel methods
)
\Fld@listcount=\count295
\c@bookmark@seq@number=\count296

(/usr/local/texlive/2021/texmf-dist/tex/latex/rerunfilecheck/rerunfilecheck.sty
Package: rerunfilecheck 2019/12/05 v1.9 Rerun checks for auxiliary files (HO)

(/usr/local/texlive/2021/texmf-dist/tex/generic/uniquecounter/uniquecounter.sty
Package: uniquecounter 2019/12/15 v1.4 Provide unlimited unique counter (HO)
)
Package uniquecounter Info: New unique counter `rerunfilecheck' on input line 2
86.
)
\Hy@SectionHShift=\skip59
)
Package hyperref Info: Option `breaklinks' set `true' on input line 662.
Package hyperref Info: Option `unicode' set `true' on input line 662.
Package hyperref Info: Option `bookmarksnumbered' set `true' on input line 662.

 (/usr/local/texlive/2021/texmf-dist/tex/latex/caption/caption.sty
Package: caption 2020/10/26 v3.5g Customizing captions (AR)

(/usr/local/texlive/2021/texmf-dist/tex/latex/caption/caption3.sty
Package: caption3 2020/10/21 v2.2e caption3 kernel (AR)
\captionmargin=\dimen176
\captionmargin@=\dimen177
\captionwidth=\dimen178
\caption@tempdima=\dimen179
\caption@indent=\dimen180
\caption@parindent=\dimen181
\caption@hangindent=\dimen182
Package caption Info: Standard document class detected.
)
\c@caption@flags=\count297
\c@continuedfloat=\count298
Package caption Info: hyperref package is loaded.
Package caption Info: listings package is loaded.
Package caption Info: threeparttable package is loaded.
)
(/usr/local/texlive/2021/texmf-dist/tex/latex/graphics/rotating.sty
Package: rotating 2016/08/11 v2.16d rotated objects in LaTeX

(/usr/local/texlive/2021/texmf-dist/tex/latex/base/ifthen.sty
Package: ifthen 2014/09/29 v1.1c Standard LaTeX ifthen package (DPC)
)
\c@r@tfl@t=\count299
\rotFPtop=\skip60
\rotFPbot=\skip61
\rot@float@box=\box56
\rot@mess@toks=\toks35
)
(/usr/local/texlive/2021/texmf-dist/tex/latex/caption/subcaption.sty
Package: subcaption 2020/10/07 v1.3j Sub-captions (AR)
\c@subfigure=\count300
\c@subtable=\count301
)
\c@author=\count302
\c@currentauthor=\count303

(/usr/local/texlive/2021/texmf-dist/tex/generic/xstring/xstring.sty
(/usr/local/texlive/2021/texmf-dist/tex/generic/xstring/xstring.tex
\integerpart=\count304
\decimalpart=\count305
)
Package: xstring 2019/02/06 v1.83 String manipulations (CT)
)
(/usr/local/texlive/2021/texmf-dist/tex/latex/comment/comment.sty
\CommentStream=\write4

Excluding comment 'comment') Excluding comment 'CCSXML'
(/usr/local/texlive/2021/texmf-dist/tex/latex/amscls/amsthm.sty
Package: amsthm 2020/05/29 v2.20.6
\thm@style=\toks36
\thm@bodyfont=\toks37
\thm@headfont=\toks38
\thm@notefont=\toks39
\thm@headpunct=\toks40
\thm@preskip=\skip62
\thm@postskip=\skip63
\thm@headsep=\skip64
\dth@everypar=\toks41
)
(/usr/local/texlive/2021/texmf-dist/tex/latex/thmtools/thm-restate.sty
Package: thm-restate 2020/08/01 v0.72

(/usr/local/texlive/2021/texmf-dist/tex/latex/thmtools/thmtools.sty
Package: thmtools 2020/08/01 v0.72
\thmt@toks=\toks42
\c@thmt@dummyctr=\count306

(/usr/local/texlive/2021/texmf-dist/tex/latex/thmtools/thm-patch.sty
Package: thm-patch 2020/08/01 v0.72

(/usr/local/texlive/2021/texmf-dist/tex/latex/thmtools/parseargs.sty
Package: parseargs 2020/08/01 v0.72
\@parsespec=\toks43
))
(/usr/local/texlive/2021/texmf-dist/tex/latex/thmtools/thm-kv.sty
Package: thm-kv 2020/08/01 v0.72
Package thm-kv Info: Theorem names will be uppercased on input line 42.
Package thm-kv Info: kvsetkeys patch (v1.16 or later) on input line 158.
)
(/usr/local/texlive/2021/texmf-dist/tex/latex/thmtools/thm-autoref.sty
Package: thm-autoref 2020/08/01 v0.72

(/usr/local/texlive/2021/texmf-dist/tex/latex/thmtools/aliasctr.sty
Package: aliasctr 2020/08/01 v0.72
))
(/usr/local/texlive/2021/texmf-dist/tex/latex/thmtools/thm-listof.sty
Package: thm-listof 2020/08/01 v0.72
)
(/usr/local/texlive/2021/texmf-dist/tex/latex/thmtools/thm-amsthm.sty
Package: thm-amsthm 2020/08/01 v0.72
\thmt@style@headstyle=\toks44
)))
(/usr/local/texlive/2021/texmf-dist/tex/latex/cleveref/cleveref.sty
Package: cleveref 2018/03/27 v0.21.4 Intelligent cross-referencing
Package cleveref Info: `hyperref' support loaded on input line 2370.
LaTeX Info: Redefining \cref on input line 2370.
LaTeX Info: Redefining \Cref on input line 2370.
LaTeX Info: Redefining \crefrange on input line 2370.
LaTeX Info: Redefining \Crefrange on input line 2370.
LaTeX Info: Redefining \cpageref on input line 2370.
LaTeX Info: Redefining \Cpageref on input line 2370.
LaTeX Info: Redefining \cpagerefrange on input line 2370.
LaTeX Info: Redefining \Cpagerefrange on input line 2370.
LaTeX Info: Redefining \labelcref on input line 2370.
LaTeX Info: Redefining \labelcpageref on input line 2370.
Package cleveref Info: `amsthm' support loaded on input line 3026.
Package cleveref Info: `listings' support loaded on input line 3131.
Package cleveref Info: always capitalise cross-reference names on input line 78
25.
Package cleveref Info: always capitalise cross-reference names on input line 78
52.
Package cleveref Info: no abbreviation of names on input line 7852.
)
(/usr/local/texlive/2021/texmf-dist/tex/latex/oberdiek/aliascnt.sty
Package: aliascnt 2018/09/07 v1.5 Alias counters (HO)
)
\c@theorem=\count307
)
(./harengs.sty
(/usr/local/texlive/2021/texmf-dist/tex/latex/algorithm2e/algorithm2e.sty
Package: algorithm2e 2017/07/18 v5.2 algorithms environments
\c@AlgoLine=\count308
\algocf@hangindent=\skip65

(/usr/local/texlive/2021/texmf-dist/tex/latex/ifoddpage/ifoddpage.sty
Package: ifoddpage 2016/04/23 v1.1 Conditionals for odd/even page detection
\c@checkoddpage=\count309
)
(/usr/local/texlive/2021/texmf-dist/tex/latex/tools/xspace.sty
Package: xspace 2014/10/28 v1.13 Space after command names (DPC,MH)
)
(/usr/local/texlive/2021/texmf-dist/tex/latex/relsize/relsize.sty
Package: relsize 2013/03/29 ver 4.1
)
\skiptotal=\skip66
\skiplinenumber=\skip67
\skiprule=\skip68
\skiphlne=\skip69
\skiptext=\skip70
\skiplength=\skip71
\algomargin=\skip72
\skipalgocfslide=\skip73
\algowidth=\dimen183
\inoutsize=\dimen184
\inoutindent=\dimen185
\interspacetitleruled=\dimen186
\interspacealgoruled=\dimen187
\interspacetitleboxruled=\dimen188
\algocf@ruledwidth=\skip74
\algocf@inoutbox=\box57
\algocf@inputbox=\box58
\AlCapSkip=\skip75
\AlCapHSkip=\skip76
\algoskipindent=\skip77
\algocf@nlbox=\box59
\algocf@hangingbox=\box60
\algocf@untilbox=\box61
\algocf@skipuntil=\skip78
\algocf@capbox=\box62
\algocf@lcaptionbox=\skip79
\algoheightruledefault=\skip80
\algoheightrule=\skip81
\algotitleheightruledefault=\skip82
\algotitleheightrule=\skip83
\c@algocfline=\count310
\c@algocfproc=\count311
\c@algocf=\count312
\algocf@algoframe=\box63
\algocf@algobox=\box64
)
(/usr/local/texlive/2021/texmf-dist/tex/latex/lkproof/proof.sty
\inferLineSkip=\dimen189
\inferLabelSkip=\dimen190
\@LeftOffset=\dimen191
\@RightOffset=\dimen192
\@SavedLeftOffset=\dimen193
\UpperWidth=\dimen194
\LowerWidth=\dimen195
\LowerHeight=\dimen196
\UpperLeftOffset=\dimen197
\UpperRightOffset=\dimen198
\UpperCenter=\dimen199
\LowerCenter=\dimen256
\UpperAdjust=\dimen257
\RuleAdjust=\dimen258
\LowerAdjust=\dimen259
\RuleWidth=\dimen260
\HLabelAdjust=\dimen261
\VLabelAdjust=\dimen262
\WidthAdjust=\dimen263
\@UpperPart=\box65
\@LowerPart=\box66
\@LabelPart=\box67
\ResultBox=\box68
)
(./mathpartir.sty
Package: mathpartir 2005/12/20 version 1.2.0 Math Paragraph for Typesetting Inf
erence Rules
\mpr@tmpdim=\dimen264
\mpr@andskip=\skip84
\mpr@lista=\toks45
\mpr@listb=\toks46
\mpr@hlist=\box69
\mpr@vlist=\box70
\mpr@right=\box71
\rule@dimen=\dimen265
)
(/usr/local/texlive/2021/texmf-dist/tex/latex/jknapltx/mathrsfs.sty
Package: mathrsfs 1996/01/01 Math RSFS package v1.0 (jk)
\symrsfs=\mathgroup6
)
(/usr/local/texlive/2021/texmf-dist/tex/latex/mathtools/mathtools.sty
Package: mathtools 2021/04/12 v1.27 mathematical typesetting tools

(/usr/local/texlive/2021/texmf-dist/tex/latex/tools/calc.sty
Package: calc 2017/05/25 v4.3 Infix arithmetic (KKT,FJ)
\calc@Acount=\count313
\calc@Bcount=\count314
\calc@Adimen=\dimen266
\calc@Bdimen=\dimen267
\calc@Askip=\skip85
\calc@Bskip=\skip86
LaTeX Info: Redefining \setlength on input line 80.
LaTeX Info: Redefining \addtolength on input line 81.
\calc@Ccount=\count315
\calc@Cskip=\skip87
)
(/usr/local/texlive/2021/texmf-dist/tex/latex/mathtools/mhsetup.sty
Package: mhsetup 2021/03/18 v1.4 programming setup (MH)
)
LaTeX Info: Thecontrolsequence`\('isalreadyrobust on input line 130.
LaTeX Info: Thecontrolsequence`\)'isalreadyrobust on input line 130.
LaTeX Info: Thecontrolsequence`\['isalreadyrobust on input line 130.
LaTeX Info: Thecontrolsequence`\]'isalreadyrobust on input line 130.
\g_MT_multlinerow_int=\count316
\l_MT_multwidth_dim=\dimen268
\origjot=\skip88
\l_MT_shortvdotswithinadjustabove_dim=\dimen269
\l_MT_shortvdotswithinadjustbelow_dim=\dimen270
\l_MT_above_intertext_sep=\dimen271
\l_MT_below_intertext_sep=\dimen272
\l_MT_above_shortintertext_sep=\dimen273
\l_MT_below_shortintertext_sep=\dimen274
\xmathstrut@box=\box72
\xmathstrut@dim=\dimen275
)
(/usr/local/texlive/2021/texmf-dist/tex/latex/stmaryrd/stmaryrd.sty
Package: stmaryrd 1994/03/03 St Mary's Road symbol package
\symstmry=\mathgroup7
LaTeX Font Info:    Overwriting symbol font `stmry' in version `bold'
(Font)                  U/stmry/m/n --> U/stmry/b/n on input line 89.
)
LaTeX Font Info:    Overwriting symbol font `stmry' in version `bold'
(Font)                  U/stmry/b/n --> U/stmry/m/n on input line 13.

(/usr/local/texlive/2021/texmf-dist/tex/latex/yfonts/yfonts.sty
Package: yfonts 2019/04/04 v1.4 (WaS&NP)
Now handling font encoding LY ...
... no UTF-8 mapping file for font encoding LY
Now handling font encoding LYG ...
... no UTF-8 mapping file for font encoding LYG
LaTeX Info: Composite with undeclared \" in encoding LYG on input line 58.
)
(/usr/local/texlive/2021/texmf-dist/tex/latex/scalerel/scalerel.sty
Package: scalerel 2016/12/29 v1.8 Routines for constrained scaling and stretchi
ng of objects, relative to a reference object or in absolute terms

(/usr/local/texlive/2021/texmf-dist/tex/latex/etoolbox/etoolbox.sty
Package: etoolbox 2020/10/05 v2.5k e-TeX tools for LaTeX (JAW)
\etb@tempcnta=\count317
)
\thesrwidth=\skip89
\thesrheight=\skip90
\srblobheight=\skip91
\srblobdepth=\skip92
\mnxsrwidth=\skip93
\LMex=\skip94
\LMpt=\skip95
)
(/usr/local/texlive/2021/texmf-dist/tex/latex/tools/multicol.sty
Package: multicol 2019/12/09 v1.8y multicolumn formatting (FMi)
\c@tracingmulticols=\count318
\mult@box=\box73
\multicol@leftmargin=\dimen276
\c@unbalance=\count319
\c@collectmore=\count320
\doublecol@number=\count321
\multicoltolerance=\count322
\multicolpretolerance=\count323
\full@width=\dimen277
\page@free=\dimen278
\premulticols=\dimen279
\postmulticols=\dimen280
\multicolsep=\skip96
\multicolbaselineskip=\skip97
\partial@page=\box74
\last@line=\box75
\maxbalancingoverflow=\dimen281
\mult@rightbox=\box76
\mult@grightbox=\box77
\mult@gfirstbox=\box78
\mult@firstbox=\box79
\@tempa=\box80
\@tempa=\box81
\@tempa=\box82
\@tempa=\box83
\@tempa=\box84
\@tempa=\box85
\@tempa=\box86
\@tempa=\box87
\@tempa=\box88
\@tempa=\box89
\@tempa=\box90
\@tempa=\box91
\@tempa=\box92
\@tempa=\box93
\@tempa=\box94
\@tempa=\box95
\@tempa=\box96
\@tempa=\box97
\@tempa=\box98
\@tempa=\box99
\@tempa=\box100
\@tempa=\box101
\@tempa=\box102
\@tempa=\box103
\@tempa=\box104
\@tempa=\box105
\@tempa=\box106
\@tempa=\box107
\@tempa=\box108
\@tempa=\box109
\@tempa=\box110
\@tempa=\box111
\@tempa=\box112
\@tempa=\box113
\@tempa=\box114
\@tempa=\box115
\@tempa=\box116
\c@minrows=\count324
\c@columnbadness=\count325
\c@finalcolumnbadness=\count326
\last@try=\dimen282
\multicolovershoot=\dimen283
\multicolundershoot=\dimen284
\mult@nat@firstbox=\box117
\colbreak@box=\box118
\mc@col@check@num=\count327
)
(/usr/local/texlive/2021/texmf-dist/tex/latex/xcolor/xcolor.sty
Package: xcolor 2016/05/11 v2.12 LaTeX color extensions (UK)

(/usr/local/texlive/2021/texmf-dist/tex/latex/graphics-cfg/color.cfg
File: color.cfg 2016/01/02 v1.6 sample color configuration
)
Package xcolor Info: Driver file: pdftex.def on input line 225.
LaTeX Info: Redefining \color on input line 709.
Package xcolor Info: Model `cmy' substituted by `cmy0' on input line 1348.
Package xcolor Info: Model `hsb' substituted by `rgb' on input line 1352.
Package xcolor Info: Model `RGB' extended on input line 1364.
Package xcolor Info: Model `HTML' substituted by `rgb' on input line 1366.
Package xcolor Info: Model `Hsb' substituted by `hsb' on input line 1367.
Package xcolor Info: Model `tHsb' substituted by `hsb' on input line 1368.
Package xcolor Info: Model `HSB' substituted by `hsb' on input line 1369.
Package xcolor Info: Model `Gray' substituted by `gray' on input line 1370.
Package xcolor Info: Model `wave' substituted by `hsb' on input line 1371.
)
(/usr/local/texlive/2021/texmf-dist/tex/latex/oberdiek/hypcap.sty
Package: hypcap 2016/05/16 v1.12 Adjusting the anchors of captions (HO)
)
(/usr/local/texlive/2021/texmf-dist/tex/latex/pgf/frontendlayer/tikz.sty
(/usr/local/texlive/2021/texmf-dist/tex/latex/pgf/basiclayer/pgf.sty
(/usr/local/texlive/2021/texmf-dist/tex/latex/pgf/utilities/pgfrcs.sty
(/usr/local/texlive/2021/texmf-dist/tex/generic/pgf/utilities/pgfutil-common.te
x
\pgfutil@everybye=\toks47
\pgfutil@tempdima=\dimen285
\pgfutil@tempdimb=\dimen286

(/usr/local/texlive/2021/texmf-dist/tex/generic/pgf/utilities/pgfutil-common-li
sts.tex))
(/usr/local/texlive/2021/texmf-dist/tex/generic/pgf/utilities/pgfutil-latex.def
\pgfutil@abb=\box119
) (/usr/local/texlive/2021/texmf-dist/tex/generic/pgf/utilities/pgfrcs.code.tex
(/usr/local/texlive/2021/texmf-dist/tex/generic/pgf/pgf.revision.tex)
Package: pgfrcs 2020/12/27 v3.1.8b (3.1.8b)
))
Package: pgf 2020/12/27 v3.1.8b (3.1.8b)

(/usr/local/texlive/2021/texmf-dist/tex/latex/pgf/basiclayer/pgfcore.sty
(/usr/local/texlive/2021/texmf-dist/tex/latex/pgf/systemlayer/pgfsys.sty
(/usr/local/texlive/2021/texmf-dist/tex/generic/pgf/systemlayer/pgfsys.code.tex
Package: pgfsys 2020/12/27 v3.1.8b (3.1.8b)
(/usr/local/texlive/2021/texmf-dist/tex/generic/pgf/utilities/pgfkeys.code.tex
\pgfkeys@pathtoks=\toks48
\pgfkeys@temptoks=\toks49

(/usr/local/texlive/2021/texmf-dist/tex/generic/pgf/utilities/pgfkeysfiltered.c
ode.tex
\pgfkeys@tmptoks=\toks50
))
\pgf@x=\dimen287
\pgf@y=\dimen288
\pgf@xa=\dimen289
\pgf@ya=\dimen290
\pgf@xb=\dimen291
\pgf@yb=\dimen292
\pgf@xc=\dimen293
\pgf@yc=\dimen294
\pgf@xd=\dimen295
\pgf@yd=\dimen296
\w@pgf@writea=\write5
\r@pgf@reada=\read3
\c@pgf@counta=\count328
\c@pgf@countb=\count329
\c@pgf@countc=\count330
\c@pgf@countd=\count331
\t@pgf@toka=\toks51
\t@pgf@tokb=\toks52
\t@pgf@tokc=\toks53
\pgf@sys@id@count=\count332

(/usr/local/texlive/2021/texmf-dist/tex/generic/pgf/systemlayer/pgf.cfg
File: pgf.cfg 2020/12/27 v3.1.8b (3.1.8b)
)
Driver file for pgf: pgfsys-pdftex.def

(/usr/local/texlive/2021/texmf-dist/tex/generic/pgf/systemlayer/pgfsys-pdftex.d
ef
File: pgfsys-pdftex.def 2020/12/27 v3.1.8b (3.1.8b)

(/usr/local/texlive/2021/texmf-dist/tex/generic/pgf/systemlayer/pgfsys-common-p
df.def
File: pgfsys-common-pdf.def 2020/12/27 v3.1.8b (3.1.8b)
)))
(/usr/local/texlive/2021/texmf-dist/tex/generic/pgf/systemlayer/pgfsyssoftpath.
code.tex
File: pgfsyssoftpath.code.tex 2020/12/27 v3.1.8b (3.1.8b)
\pgfsyssoftpath@smallbuffer@items=\count333
\pgfsyssoftpath@bigbuffer@items=\count334
)
(/usr/local/texlive/2021/texmf-dist/tex/generic/pgf/systemlayer/pgfsysprotocol.
code.tex
File: pgfsysprotocol.code.tex 2020/12/27 v3.1.8b (3.1.8b)
))
(/usr/local/texlive/2021/texmf-dist/tex/generic/pgf/basiclayer/pgfcore.code.tex
Package: pgfcore 2020/12/27 v3.1.8b (3.1.8b)
(/usr/local/texlive/2021/texmf-dist/tex/generic/pgf/math/pgfmath.code.tex
(/usr/local/texlive/2021/texmf-dist/tex/generic/pgf/math/pgfmathcalc.code.tex
(/usr/local/texlive/2021/texmf-dist/tex/generic/pgf/math/pgfmathutil.code.tex)
(/usr/local/texlive/2021/texmf-dist/tex/generic/pgf/math/pgfmathparser.code.tex
\pgfmath@dimen=\dimen297
\pgfmath@count=\count335
\pgfmath@box=\box120
\pgfmath@toks=\toks54
\pgfmath@stack@operand=\toks55
\pgfmath@stack@operation=\toks56
)
(/usr/local/texlive/2021/texmf-dist/tex/generic/pgf/math/pgfmathfunctions.code.
tex
(/usr/local/texlive/2021/texmf-dist/tex/generic/pgf/math/pgfmathfunctions.basic
.code.tex)
(/usr/local/texlive/2021/texmf-dist/tex/generic/pgf/math/pgfmathfunctions.trigo
nometric.code.tex)
(/usr/local/texlive/2021/texmf-dist/tex/generic/pgf/math/pgfmathfunctions.rando
m.code.tex)
(/usr/local/texlive/2021/texmf-dist/tex/generic/pgf/math/pgfmathfunctions.compa
rison.code.tex)
(/usr/local/texlive/2021/texmf-dist/tex/generic/pgf/math/pgfmathfunctions.base.
code.tex)
(/usr/local/texlive/2021/texmf-dist/tex/generic/pgf/math/pgfmathfunctions.round
.code.tex)
(/usr/local/texlive/2021/texmf-dist/tex/generic/pgf/math/pgfmathfunctions.misc.
code.tex)
(/usr/local/texlive/2021/texmf-dist/tex/generic/pgf/math/pgfmathfunctions.integ
erarithmetics.code.tex)))
(/usr/local/texlive/2021/texmf-dist/tex/generic/pgf/math/pgfmathfloat.code.tex
\c@pgfmathroundto@lastzeros=\count336
)) (/usr/local/texlive/2021/texmf-dist/tex/generic/pgf/math/pgfint.code.tex)
(/usr/local/texlive/2021/texmf-dist/tex/generic/pgf/basiclayer/pgfcorepoints.co
de.tex
File: pgfcorepoints.code.tex 2020/12/27 v3.1.8b (3.1.8b)
\pgf@picminx=\dimen298
\pgf@picmaxx=\dimen299
\pgf@picminy=\dimen300
\pgf@picmaxy=\dimen301
\pgf@pathminx=\dimen302
\pgf@pathmaxx=\dimen303
\pgf@pathminy=\dimen304
\pgf@pathmaxy=\dimen305
\pgf@xx=\dimen306
\pgf@xy=\dimen307
\pgf@yx=\dimen308
\pgf@yy=\dimen309
\pgf@zx=\dimen310
\pgf@zy=\dimen311
)
(/usr/local/texlive/2021/texmf-dist/tex/generic/pgf/basiclayer/pgfcorepathconst
ruct.code.tex
File: pgfcorepathconstruct.code.tex 2020/12/27 v3.1.8b (3.1.8b)
\pgf@path@lastx=\dimen312
\pgf@path@lasty=\dimen313
)
(/usr/local/texlive/2021/texmf-dist/tex/generic/pgf/basiclayer/pgfcorepathusage
.code.tex
File: pgfcorepathusage.code.tex 2020/12/27 v3.1.8b (3.1.8b)
\pgf@shorten@end@additional=\dimen314
\pgf@shorten@start@additional=\dimen315
)
(/usr/local/texlive/2021/texmf-dist/tex/generic/pgf/basiclayer/pgfcorescopes.co
de.tex
File: pgfcorescopes.code.tex 2020/12/27 v3.1.8b (3.1.8b)
\pgfpic=\box121
\pgf@hbox=\box122
\pgf@layerbox@main=\box123
\pgf@picture@serial@count=\count337
)
(/usr/local/texlive/2021/texmf-dist/tex/generic/pgf/basiclayer/pgfcoregraphicst
ate.code.tex
File: pgfcoregraphicstate.code.tex 2020/12/27 v3.1.8b (3.1.8b)
\pgflinewidth=\dimen316
)
(/usr/local/texlive/2021/texmf-dist/tex/generic/pgf/basiclayer/pgfcoretransform
ations.code.tex
File: pgfcoretransformations.code.tex 2020/12/27 v3.1.8b (3.1.8b)
\pgf@pt@x=\dimen317
\pgf@pt@y=\dimen318
\pgf@pt@temp=\dimen319
)
(/usr/local/texlive/2021/texmf-dist/tex/generic/pgf/basiclayer/pgfcorequick.cod
e.tex
File: pgfcorequick.code.tex 2020/12/27 v3.1.8b (3.1.8b)
)
(/usr/local/texlive/2021/texmf-dist/tex/generic/pgf/basiclayer/pgfcoreobjects.c
ode.tex
File: pgfcoreobjects.code.tex 2020/12/27 v3.1.8b (3.1.8b)
)
(/usr/local/texlive/2021/texmf-dist/tex/generic/pgf/basiclayer/pgfcorepathproce
ssing.code.tex
File: pgfcorepathprocessing.code.tex 2020/12/27 v3.1.8b (3.1.8b)
)
(/usr/local/texlive/2021/texmf-dist/tex/generic/pgf/basiclayer/pgfcorearrows.co
de.tex
File: pgfcorearrows.code.tex 2020/12/27 v3.1.8b (3.1.8b)
\pgfarrowsep=\dimen320
)
(/usr/local/texlive/2021/texmf-dist/tex/generic/pgf/basiclayer/pgfcoreshade.cod
e.tex
File: pgfcoreshade.code.tex 2020/12/27 v3.1.8b (3.1.8b)
\pgf@max=\dimen321
\pgf@sys@shading@range@num=\count338
\pgf@shadingcount=\count339
)
(/usr/local/texlive/2021/texmf-dist/tex/generic/pgf/basiclayer/pgfcoreimage.cod
e.tex
File: pgfcoreimage.code.tex 2020/12/27 v3.1.8b (3.1.8b)

(/usr/local/texlive/2021/texmf-dist/tex/generic/pgf/basiclayer/pgfcoreexternal.
code.tex
File: pgfcoreexternal.code.tex 2020/12/27 v3.1.8b (3.1.8b)
\pgfexternal@startupbox=\box124
))
(/usr/local/texlive/2021/texmf-dist/tex/generic/pgf/basiclayer/pgfcorelayers.co
de.tex
File: pgfcorelayers.code.tex 2020/12/27 v3.1.8b (3.1.8b)
)
(/usr/local/texlive/2021/texmf-dist/tex/generic/pgf/basiclayer/pgfcoretranspare
ncy.code.tex
File: pgfcoretransparency.code.tex 2020/12/27 v3.1.8b (3.1.8b)
)
(/usr/local/texlive/2021/texmf-dist/tex/generic/pgf/basiclayer/pgfcorepatterns.
code.tex
File: pgfcorepatterns.code.tex 2020/12/27 v3.1.8b (3.1.8b)
)
(/usr/local/texlive/2021/texmf-dist/tex/generic/pgf/basiclayer/pgfcorerdf.code.
tex
File: pgfcorerdf.code.tex 2020/12/27 v3.1.8b (3.1.8b)
)))
(/usr/local/texlive/2021/texmf-dist/tex/generic/pgf/modules/pgfmoduleshapes.cod
e.tex
File: pgfmoduleshapes.code.tex 2020/12/27 v3.1.8b (3.1.8b)
\pgfnodeparttextbox=\box125
)
(/usr/local/texlive/2021/texmf-dist/tex/generic/pgf/modules/pgfmoduleplot.code.
tex
File: pgfmoduleplot.code.tex 2020/12/27 v3.1.8b (3.1.8b)
)
(/usr/local/texlive/2021/texmf-dist/tex/latex/pgf/compatibility/pgfcomp-version
-0-65.sty
Package: pgfcomp-version-0-65 2020/12/27 v3.1.8b (3.1.8b)
\pgf@nodesepstart=\dimen322
\pgf@nodesepend=\dimen323
)
(/usr/local/texlive/2021/texmf-dist/tex/latex/pgf/compatibility/pgfcomp-version
-1-18.sty
Package: pgfcomp-version-1-18 2020/12/27 v3.1.8b (3.1.8b)
))
(/usr/local/texlive/2021/texmf-dist/tex/latex/pgf/utilities/pgffor.sty
(/usr/local/texlive/2021/texmf-dist/tex/latex/pgf/utilities/pgfkeys.sty
(/usr/local/texlive/2021/texmf-dist/tex/generic/pgf/utilities/pgfkeys.code.tex)
) (/usr/local/texlive/2021/texmf-dist/tex/latex/pgf/math/pgfmath.sty
(/usr/local/texlive/2021/texmf-dist/tex/generic/pgf/math/pgfmath.code.tex))
(/usr/local/texlive/2021/texmf-dist/tex/generic/pgf/utilities/pgffor.code.tex
Package: pgffor 2020/12/27 v3.1.8b (3.1.8b)

(/usr/local/texlive/2021/texmf-dist/tex/generic/pgf/math/pgfmath.code.tex)
\pgffor@iter=\dimen324
\pgffor@skip=\dimen325
\pgffor@stack=\toks57
\pgffor@toks=\toks58
))
(/usr/local/texlive/2021/texmf-dist/tex/generic/pgf/frontendlayer/tikz/tikz.cod
e.tex
Package: tikz 2020/12/27 v3.1.8b (3.1.8b)

(/usr/local/texlive/2021/texmf-dist/tex/generic/pgf/libraries/pgflibraryplothan
dlers.code.tex
File: pgflibraryplothandlers.code.tex 2020/12/27 v3.1.8b (3.1.8b)
\pgf@plot@mark@count=\count340
\pgfplotmarksize=\dimen326
)
\tikz@lastx=\dimen327
\tikz@lasty=\dimen328
\tikz@lastxsaved=\dimen329
\tikz@lastysaved=\dimen330
\tikz@lastmovetox=\dimen331
\tikz@lastmovetoy=\dimen332
\tikzleveldistance=\dimen333
\tikzsiblingdistance=\dimen334
\tikz@figbox=\box126
\tikz@figbox@bg=\box127
\tikz@tempbox=\box128
\tikz@tempbox@bg=\box129
\tikztreelevel=\count341
\tikznumberofchildren=\count342
\tikznumberofcurrentchild=\count343
\tikz@fig@count=\count344

(/usr/local/texlive/2021/texmf-dist/tex/generic/pgf/modules/pgfmodulematrix.cod
e.tex
File: pgfmodulematrix.code.tex 2020/12/27 v3.1.8b (3.1.8b)
\pgfmatrixcurrentrow=\count345
\pgfmatrixcurrentcolumn=\count346
\pgf@matrix@numberofcolumns=\count347
)
\tikz@expandcount=\count348

(/usr/local/texlive/2021/texmf-dist/tex/generic/pgf/frontendlayer/tikz/librarie
s/tikzlibrarytopaths.code.tex
File: tikzlibrarytopaths.code.tex 2020/12/27 v3.1.8b (3.1.8b)
)))
(/usr/local/texlive/2021/texmf-dist/tex/generic/pgf/frontendlayer/tikz/librarie
s/tikzlibraryfit.code.tex
File: tikzlibraryfit.code.tex 2020/12/27 v3.1.8b (3.1.8b)
)
(/usr/local/texlive/2021/texmf-dist/tex/generic/pgf/frontendlayer/tikz/librarie
s/tikzlibrarycalc.code.tex
File: tikzlibrarycalc.code.tex 2020/12/27 v3.1.8b (3.1.8b)
)
(/usr/local/texlive/2021/texmf-dist/tex/generic/pgf/frontendlayer/tikz/librarie
s/tikzlibraryshapes.code.tex
File: tikzlibraryshapes.code.tex 2020/12/27 v3.1.8b (3.1.8b)

(/usr/local/texlive/2021/texmf-dist/tex/generic/pgf/frontendlayer/tikz/librarie
s/tikzlibraryshapes.geometric.code.tex
File: tikzlibraryshapes.geometric.code.tex 2020/12/27 v3.1.8b (3.1.8b)

(/usr/local/texlive/2021/texmf-dist/tex/generic/pgf/libraries/shapes/pgflibrary
shapes.geometric.code.tex
File: pgflibraryshapes.geometric.code.tex 2020/12/27 v3.1.8b (3.1.8b)
))
(/usr/local/texlive/2021/texmf-dist/tex/generic/pgf/frontendlayer/tikz/librarie
s/tikzlibraryshapes.misc.code.tex
File: tikzlibraryshapes.misc.code.tex 2020/12/27 v3.1.8b (3.1.8b)

(/usr/local/texlive/2021/texmf-dist/tex/generic/pgf/libraries/shapes/pgflibrary
shapes.misc.code.tex
File: pgflibraryshapes.misc.code.tex 2020/12/27 v3.1.8b (3.1.8b)
))
(/usr/local/texlive/2021/texmf-dist/tex/generic/pgf/frontendlayer/tikz/librarie
s/tikzlibraryshapes.symbols.code.tex
File: tikzlibraryshapes.symbols.code.tex 2020/12/27 v3.1.8b (3.1.8b)

(/usr/local/texlive/2021/texmf-dist/tex/generic/pgf/libraries/shapes/pgflibrary
shapes.symbols.code.tex
File: pgflibraryshapes.symbols.code.tex 2020/12/27 v3.1.8b (3.1.8b)
))
(/usr/local/texlive/2021/texmf-dist/tex/generic/pgf/frontendlayer/tikz/librarie
s/tikzlibraryshapes.arrows.code.tex
File: tikzlibraryshapes.arrows.code.tex 2020/12/27 v3.1.8b (3.1.8b)

(/usr/local/texlive/2021/texmf-dist/tex/generic/pgf/libraries/shapes/pgflibrary
shapes.arrows.code.tex
File: pgflibraryshapes.arrows.code.tex 2020/12/27 v3.1.8b (3.1.8b)
))
(/usr/local/texlive/2021/texmf-dist/tex/generic/pgf/frontendlayer/tikz/librarie
s/tikzlibraryshapes.callouts.code.tex
(/usr/local/texlive/2021/texmf-dist/tex/generic/pgf/libraries/shapes/pgflibrary
shapes.callouts.code.tex))
(/usr/local/texlive/2021/texmf-dist/tex/generic/pgf/frontendlayer/tikz/librarie
s/tikzlibraryshapes.multipart.code.tex
File: tikzlibraryshapes.multipart.code.tex 2020/12/27 v3.1.8b (3.1.8b)

(/usr/local/texlive/2021/texmf-dist/tex/generic/pgf/libraries/shapes/pgflibrary
shapes.multipart.code.tex
File: pgflibraryshapes.multipart.code.tex 2020/12/27 v3.1.8b (3.1.8b)
\pgfnodepartlowerbox=\box130
\pgfnodeparttwobox=\box131
\pgfnodepartthreebox=\box132
\pgfnodepartfourbox=\box133
\pgfnodeparttwentybox=\box134
\pgfnodepartnineteenbox=\box135
\pgfnodeparteighteenbox=\box136
\pgfnodepartseventeenbox=\box137
\pgfnodepartsixteenbox=\box138
\pgfnodepartfifteenbox=\box139
\pgfnodepartfourteenbox=\box140
\pgfnodepartthirteenbox=\box141
\pgfnodeparttwelvebox=\box142
\pgfnodepartelevenbox=\box143
\pgfnodeparttenbox=\box144
\pgfnodepartninebox=\box145
\pgfnodeparteightbox=\box146
\pgfnodepartsevenbox=\box147
\pgfnodepartsixbox=\box148
\pgfnodepartfivebox=\box149
)))
(/usr/local/texlive/2021/texmf-dist/tex/generic/pgf/frontendlayer/tikz/librarie
s/tikzlibrarydecorations.pathreplacing.code.tex
(/usr/local/texlive/2021/texmf-dist/tex/generic/pgf/frontendlayer/tikz/librarie
s/tikzlibrarydecorations.code.tex
(/usr/local/texlive/2021/texmf-dist/tex/generic/pgf/modules/pgfmoduledecoration
s.code.tex
\pgfdecoratedcompleteddistance=\dimen335
\pgfdecoratedremainingdistance=\dimen336
\pgfdecoratedinputsegmentcompleteddistance=\dimen337
\pgfdecoratedinputsegmentremainingdistance=\dimen338
\pgf@decorate@distancetomove=\dimen339
\pgf@decorate@repeatstate=\count349
\pgfdecorationsegmentamplitude=\dimen340
\pgfdecorationsegmentlength=\dimen341
)
\tikz@lib@dec@box=\box150
)
(/usr/local/texlive/2021/texmf-dist/tex/generic/pgf/libraries/decorations/pgfli
brarydecorations.pathreplacing.code.tex))
(/usr/local/texlive/2021/texmf-dist/tex/generic/pgf/frontendlayer/tikz/librarie
s/tikzlibrarypositioning.code.tex
File: tikzlibrarypositioning.code.tex 2020/12/27 v3.1.8b (3.1.8b)
)
(/usr/local/texlive/2021/texmf-dist/tex/generic/pgf/frontendlayer/tikz/librarie
s/tikzlibrarybackgrounds.code.tex
File: tikzlibrarybackgrounds.code.tex 2020/12/27 v3.1.8b (3.1.8b)
\pgf@layerbox@background=\box151
\pgf@layerboxsaved@background=\box152
)
(/usr/local/texlive/2021/texmf-dist/tex/generic/pgf/frontendlayer/tikz/librarie
s/tikzlibraryarrows.code.tex
File: tikzlibraryarrows.code.tex 2020/12/27 v3.1.8b (3.1.8b)

(/usr/local/texlive/2021/texmf-dist/tex/generic/pgf/libraries/pgflibraryarrows.
code.tex
File: pgflibraryarrows.code.tex 2020/12/27 v3.1.8b (3.1.8b)
\arrowsize=\dimen342
))
(/usr/local/texlive/2021/texmf-dist/tex/generic/tikz-cd/tikzlibrarycd.code.tex
(/usr/local/texlive/2021/texmf-dist/tex/generic/pgf/frontendlayer/tikz/librarie
s/tikzlibrarymatrix.code.tex
File: tikzlibrarymatrix.code.tex 2020/12/27 v3.1.8b (3.1.8b)
)
(/usr/local/texlive/2021/texmf-dist/tex/generic/pgf/frontendlayer/tikz/librarie
s/tikzlibraryquotes.code.tex
File: tikzlibraryquotes.code.tex 2020/12/27 v3.1.8b (3.1.8b)
)
(/usr/local/texlive/2021/texmf-dist/tex/generic/pgf/libraries/pgflibraryarrows.
meta.code.tex
File: pgflibraryarrows.meta.code.tex 2020/12/27 v3.1.8b (3.1.8b)
\pgfarrowinset=\dimen343
\pgfarrowlength=\dimen344
\pgfarrowwidth=\dimen345
\pgfarrowlinewidth=\dimen346
))
\symMnSyC=\mathgroup8
\symfgerm=\mathgroup9
) (./ebproofs.sty

LaTeX Warning: You have requested package `ebproofs',
               but the package provides `ebproof'.

Package: ebproof 2013/04/06 EB's proof trees
(/usr/local/texlive/2021/texmf-dist/tex/latex/xkeyval/xkeyval.sty
Package: xkeyval 2020/11/20 v2.8 package option processing (HA)

(/usr/local/texlive/2021/texmf-dist/tex/generic/xkeyval/xkeyval.tex
(/usr/local/texlive/2021/texmf-dist/tex/generic/xkeyval/xkvutils.tex
\XKV@toks=\toks59
\XKV@tempa@toks=\toks60
)
\XKV@depth=\count350
File: xkeyval.tex 2014/12/03 v2.7a key=value parser (HA)
))
\ebproof@hsep=\dimen347
\ebproof@rulemargin=\dimen348
\ebproof@rulesep=\dimen349
\ebproof@thickness=\dimen350
\ebproof@labelsep=\dimen351
\ebproof@leftbox=\box153
\ebproof@rightbox=\box154
\ebproof@localdimens=\count351
\ebproof@localboxes=\count352
\ebproof@level=\count353
\ebproof@box@stack=\box155
\ebproof@box@temp=\box156
)
(/usr/local/texlive/2021/texmf-dist/tex/latex/fge/fge.sty
Package: fge 2015/05/19 1.25 fge symbol support package
LaTeX Font Info:    Redeclaring symbol font `fgerm' on input line 32.
LaTeX Font Info:    Overwriting symbol font `fgerm' in version `normal'
(Font)                  U/fgerm/m/n --> U/fgerm/m/n on input line 32.
LaTeX Font Info:    Overwriting symbol font `fgerm' in version `bold'
(Font)                  U/fgerm/m/n --> U/fgerm/m/n on input line 32.
\symfgeit=\mathgroup10
LaTeX Font Info:    Redeclaring math symbol \fgecup on input line 52.
)
(/usr/local/texlive/2021/texmf-dist/tex/latex/old-arrows/old-arrows.sty
Package: old-arrows 2017/01/05 v2.0 Old Arrows
\symoasy=\mathgroup11
LaTeX Font Info:    Overwriting symbol font `oasy' in version `normal'
(Font)                  OMS/oasy/m/n --> OMS/oasy/m/n on input line 90.
LaTeX Font Info:    Overwriting symbol font `oasy' in version `bold'
(Font)                  OMS/oasy/m/n --> OMS/oasy/b/n on input line 91.
LaTeX Font Info:    Redeclaring math symbol \leftarrow on input line 93.
LaTeX Font Info:    Redeclaring math symbol \rightarrow on input line 95.
LaTeX Font Info:    Redeclaring math symbol \leftrightarrow on input line 97.
LaTeX Font Info:    Redeclaring math symbol \nearrow on input line 98.
LaTeX Font Info:    Redeclaring math symbol \searrow on input line 99.
LaTeX Font Info:    Redeclaring math symbol \nwarrow on input line 100.
LaTeX Font Info:    Redeclaring math symbol \swarrow on input line 101.
LaTeX Font Info:    Redeclaring math symbol \mapstochar on input line 102.
LaTeX Font Info:    Redeclaring math delimiter \uparrow on input line 105.
LaTeX Font Info:    Redeclaring math delimiter \downarrow on input line 106.
LaTeX Font Info:    Redeclaring math delimiter \updownarrow on input line 107.
LaTeX Info: Redefining \longrightarrow on input line 117.
LaTeX Info: Redefining \longleftarrow on input line 119.
\symlmsy=\mathgroup12
LaTeX Font Info:    Overwriting symbol font `lmsy' in version `normal'
(Font)                  OMS/lmsy/m/n --> OMS/lmsy/m/n on input line 235.
LaTeX Font Info:    Overwriting symbol font `lmsy' in version `bold'
(Font)                  OMS/lmsy/m/n --> OMS/lmsy/b/n on input line 235.
)
(/usr/local/texlive/2021/texmf-dist/tex/generic/xypic/xy.sty
(/usr/local/texlive/2021/texmf-dist/tex/generic/xypic/xy.tex Bootstrap'ing:
catcodes, docmode,
(/usr/local/texlive/2021/texmf-dist/tex/generic/xypic/xyrecat.tex)
(/usr/local/texlive/2021/texmf-dist/tex/generic/xypic/xyidioms.tex)

 Xy-pic version 3.8.9 <2013/10/06>
 Copyright (c) 1991-2013 by Kristoffer H. Rose <krisrose@tug.org> and others
 Xy-pic is free software: see the User's Guide for details.

Loading kernel: messages; fonts; allocations: state,
\X@c=\dimen352
\Y@c=\dimen353
\U@c=\dimen354
\D@c=\dimen355
\L@c=\dimen356
\R@c=\dimen357
\Edge@c=\toks61
\X@p=\dimen358
\Y@p=\dimen359
\U@p=\dimen360
\D@p=\dimen361
\L@p=\dimen362
\R@p=\dimen363
\Edge@p=\toks62
\X@origin=\dimen364
\Y@origin=\dimen365
\X@xbase=\dimen366
\Y@xbase=\dimen367
\X@ybase=\dimen368
\Y@ybase=\dimen369
\X@min=\dimen370
\Y@min=\dimen371
\X@max=\dimen372
\Y@max=\dimen373
\lastobjectbox@=\box157
\zerodotbox@=\box158
\almostz@=\dimen374
 direction,
\d@X=\dimen375
\d@Y=\dimen376
\K@=\count354
\KK@=\count355
\Direction=\count356
\K@dXdY=\dimen377
\K@dYdX=\dimen378
\xyread@=\read4
\xywrite@=\write6
\csp@=\count357
\quotPTK@=\dimen379

utility macros; pictures: \xy, positions,
\swaptoks@@=\toks63
\connectobjectbox@@=\box159
 objects,
\styletoks@=\toks64
 decorations;
kernel objects: directionals, circles, text; options; algorithms: directions,
edges, connections;  Xy-pic loaded)
(/usr/local/texlive/2021/texmf-dist/tex/generic/iftex/ifpdf.sty
Package: ifpdf 2019/10/25 v3.4 ifpdf legacy package. Use iftex instead.
)
Package: xy 2013/10/06 Xy-pic version 3.8.9

(/usr/local/texlive/2021/texmf-dist/tex/generic/xypic/xyall.tex
 Xy-pic option: All features v.3.8
(/usr/local/texlive/2021/texmf-dist/tex/generic/xypic/xycurve.tex
 Xy-pic option: Curve and Spline extension v.3.12 curve,
\crv@cnt@=\count358
\crvpts@=\toks65
\splinebox@=\box160
\splineval@=\dimen380
\splinedepth@=\dimen381
\splinetol@=\dimen382
\splinelength@=\dimen383
 circles,
\L@=\dimen384
 loaded)
(/usr/local/texlive/2021/texmf-dist/tex/generic/xypic/xyframe.tex
 Xy-pic option: Frame and Bracket extension v.3.14 loaded)
(/usr/local/texlive/2021/texmf-dist/tex/generic/xypic/xycmtip.tex
 Xy-pic option: Computer Modern tip extension v.3.7
(/usr/local/texlive/2021/texmf-dist/tex/generic/xypic/xytips.tex
 Xy-pic option: More Tips extension v.3.11 loaded) loaded)
(/usr/local/texlive/2021/texmf-dist/tex/generic/xypic/xyline.tex
 Xy-pic option: Line styles extension v.3.10
\xylinethick@=\dimen385
 loaded)
(/usr/local/texlive/2021/texmf-dist/tex/generic/xypic/xyrotate.tex
 Xy-pic option: Rotate and Scale extension v.3.8 loaded)
(/usr/local/texlive/2021/texmf-dist/tex/generic/xypic/xycolor.tex
 Xy-pic option: Colour extension v.3.11 loaded)
(/usr/local/texlive/2021/texmf-dist/tex/generic/xypic/xymatrix.tex
 Xy-pic option: Matrix feature v.3.14
\Row=\count359
\Col=\count360
\queue@=\toks66
\queue@@=\toks67
\qcount@=\count361
\qcount@@=\count362
\matrixsize@=\count363
 loaded)
(/usr/local/texlive/2021/texmf-dist/tex/generic/xypic/xyarrow.tex
 Xy-pic option: Arrow and Path feature v.3.9 path, \ar, loaded)
(/usr/local/texlive/2021/texmf-dist/tex/generic/xypic/xygraph.tex
 Xy-pic option: Graph feature v.3.11 loaded) loaded)
(/usr/local/texlive/2021/texmf-dist/tex/generic/xypic/xypdf.tex
 Xy-pic option: PDF driver v.1.7 Xy-pic pdf driver: `color' extension support
(/usr/local/texlive/2021/texmf-dist/tex/generic/xypic/xypdf-co.tex loaded)
Xy-pic pdf driver: `curve' extension support
(/usr/local/texlive/2021/texmf-dist/tex/generic/xypic/xypdf-cu.tex loaded)
Xy-pic pdf driver: `frame' extension support
(/usr/local/texlive/2021/texmf-dist/tex/generic/xypic/xypdf-fr.tex loaded)
Xy-pic pdf driver: `line' extension support
(/usr/local/texlive/2021/texmf-dist/tex/generic/xypic/xypdf-li.tex loaded)
Xy-pic pdf driver: `rotate' extension support
(/usr/local/texlive/2021/texmf-dist/tex/generic/xypic/xypdf-ro.tex loaded)
loaded)) (./0-main.aux)
\openout1 = `0-main.aux'.

LaTeX Font Info:    Checking defaults for OML/cmm/m/it on input line 55.
LaTeX Font Info:    ... okay on input line 55.
LaTeX Font Info:    Checking defaults for OMS/cmsy/m/n on input line 55.
LaTeX Font Info:    ... okay on input line 55.
LaTeX Font Info:    Checking defaults for OT1/cmr/m/n on input line 55.
LaTeX Font Info:    ... okay on input line 55.
LaTeX Font Info:    Checking defaults for T1/cmr/m/n on input line 55.
LaTeX Font Info:    ... okay on input line 55.
LaTeX Font Info:    Checking defaults for TS1/cmr/m/n on input line 55.
LaTeX Font Info:    ... okay on input line 55.
LaTeX Font Info:    Checking defaults for OMX/cmex/m/n on input line 55.
LaTeX Font Info:    ... okay on input line 55.
LaTeX Font Info:    Checking defaults for U/cmr/m/n on input line 55.
LaTeX Font Info:    ... okay on input line 55.
LaTeX Font Info:    Checking defaults for PD1/pdf/m/n on input line 55.
LaTeX Font Info:    ... okay on input line 55.
LaTeX Font Info:    Checking defaults for PU/pdf/m/n on input line 55.
LaTeX Font Info:    ... okay on input line 55.
LaTeX Font Info:    Checking defaults for LY/yfrak/m/n on input line 55.
LaTeX Font Info:    ... okay on input line 55.
LaTeX Font Info:    Checking defaults for LYG/ygoth/m/n on input line 55.
LaTeX Font Info:    ... okay on input line 55.
LaTeX Info: Redefining \microtypecontext on input line 55.
Package microtype Info: Generating PDF output.
Package microtype Info: Character protrusion enabled (level 2).
Package microtype Info: Using default protrusion set `alltext'.
Package microtype Info: Automatic font expansion enabled (level 2),
(microtype)             stretch: 20, shrink: 20, step: 1, non-selected.
Package microtype Info: Using default expansion set `alltext-nott'.
LaTeX Info: Redefining \showhyphens on input line 55.
Package microtype Info: No adjustment of tracking.
Package microtype Info: No adjustment of interword spacing.
Package microtype Info: No adjustment of character kerning.

(/usr/local/texlive/2021/texmf-dist/tex/latex/microtype/mt-cmr.cfg
File: mt-cmr.cfg 2013/05/19 v2.2 microtype config. file: Computer Modern Roman 
(RS)
)
(/usr/local/texlive/2021/texmf-dist/tex/context/base/mkii/supp-pdf.mkii
[Loading MPS to PDF converter (version 2006.09.02).]
\scratchcounter=\count364
\scratchdimen=\dimen386
\scratchbox=\box161
\nofMPsegments=\count365
\nofMParguments=\count366
\everyMPshowfont=\toks68
\MPscratchCnt=\count367
\MPscratchDim=\dimen387
\MPnumerator=\count368
\makeMPintoPDFobject=\count369
\everyMPtoPDFconversion=\toks69
) (/usr/local/texlive/2021/texmf-dist/tex/latex/epstopdf-pkg/epstopdf-base.sty
Package: epstopdf-base 2020-01-24 v2.11 Base part for package epstopdf

(/usr/local/texlive/2021/texmf-dist/tex/latex/grfext/grfext.sty
Package: grfext 2019/12/03 v1.3 Manage graphics extensions (HO)
)
Package epstopdf-base Info: Redefining graphics rule for `.eps' on input line 4
85.
Package grfext Info: Graphics extension search list:
(grfext)             [.pdf,.png,.jpg,.mps,.jpeg,.jbig2,.jb2,.PDF,.PNG,.JPG,.JPE
G,.JBIG2,.JB2,.eps]
(grfext)             \AppendGraphicsExtensions on input line 504.

(/usr/local/texlive/2021/texmf-dist/tex/latex/latexconfig/epstopdf-sys.cfg
File: epstopdf-sys.cfg 2010/07/13 v1.3 Configuration of (r)epstopdf for TeX Liv
e
))
\c@lstlisting=\count370
Package hyperref Info: Link coloring OFF on input line 55.

(/usr/local/texlive/2021/texmf-dist/tex/latex/hyperref/nameref.sty
Package: nameref 2021-04-02 v2.47 Cross-referencing by name of section

(/usr/local/texlive/2021/texmf-dist/tex/latex/refcount/refcount.sty
Package: refcount 2019/12/15 v3.6 Data extraction from label references (HO)
)
(/usr/local/texlive/2021/texmf-dist/tex/generic/gettitlestring/gettitlestring.s
ty
Package: gettitlestring 2019/12/15 v1.6 Cleanup title references (HO)
)
\c@section@level=\count371
)
LaTeX Info: Redefining \ref on input line 55.
LaTeX Info: Redefining \pageref on input line 55.
LaTeX Info: Redefining \nameref on input line 55.
 (./0-main.out) (./0-main.out)
\@outlinefile=\write7
\openout7 = `0-main.out'.

Package caption Info: Begin \AtBeginDocument code.
Package caption Info: hypcap package is loaded.
Package caption Info: rotating package is loaded.
Package caption Info: End \AtBeginDocument code.
LaTeX Font Info:    Trying to load font information for OT1+lmr on input line 5
5.

(/usr/local/texlive/2021/texmf-dist/tex/latex/lm/ot1lmr.fd
File: ot1lmr.fd 2015/05/01 v1.6.1 Font defs for Latin Modern
)
LaTeX Font Info:    Trying to load font information for OML+lmm on input line 5
5.

(/usr/local/texlive/2021/texmf-dist/tex/latex/lm/omllmm.fd
File: omllmm.fd 2015/05/01 v1.6.1 Font defs for Latin Modern
)
LaTeX Font Info:    Trying to load font information for OMS+lmsy on input line 
55.

(/usr/local/texlive/2021/texmf-dist/tex/latex/lm/omslmsy.fd
File: omslmsy.fd 2015/05/01 v1.6.1 Font defs for Latin Modern
)
LaTeX Font Info:    Trying to load font information for OMX+lmex on input line 
55.

(/usr/local/texlive/2021/texmf-dist/tex/latex/lm/omxlmex.fd
File: omxlmex.fd 2015/05/01 v1.6.1 Font defs for Latin Modern
)
LaTeX Font Info:    External font `lmex10' loaded for size
(Font)              <10> on input line 55.
LaTeX Font Info:    External font `lmex10' loaded for size
(Font)              <7> on input line 55.
LaTeX Font Info:    External font `lmex10' loaded for size
(Font)              <5> on input line 55.
LaTeX Font Info:    Trying to load font information for U+msa on input line 55.


(/usr/local/texlive/2021/texmf-dist/tex/latex/amsfonts/umsa.fd
File: umsa.fd 2013/01/14 v3.01 AMS symbols A
)
(/usr/local/texlive/2021/texmf-dist/tex/latex/microtype/mt-msa.cfg
File: mt-msa.cfg 2006/02/04 v1.1 microtype config. file: AMS symbols (a) (RS)
)
LaTeX Font Info:    Trying to load font information for U+msb on input line 55.


(/usr/local/texlive/2021/texmf-dist/tex/latex/amsfonts/umsb.fd
File: umsb.fd 2013/01/14 v3.01 AMS symbols B
)
(/usr/local/texlive/2021/texmf-dist/tex/latex/microtype/mt-msb.cfg
File: mt-msb.cfg 2005/06/01 v1.0 microtype config. file: AMS symbols (b) (RS)
)
LaTeX Font Info:    Trying to load font information for U+rsfs on input line 55
.

(/usr/local/texlive/2021/texmf-dist/tex/latex/jknapltx/ursfs.fd
File: ursfs.fd 1998/03/24 rsfs font definition file (jk)
)
LaTeX Font Info:    Trying to load font information for U+stmry on input line 5
5.

(/usr/local/texlive/2021/texmf-dist/tex/latex/stmaryrd/Ustmry.fd)
Package microtype Info: Fixing zero fontdimen6 for font `U/MnSymbolC/m/n/10'
(microtype)             (new value: 10.0pt) on input line 55.
Package microtype Info: Fixing zero fontdimen6 for font `U/MnSymbolC/m/n/7'
(microtype)             (new value: 7.0pt) on input line 55.
Package microtype Info: Fixing zero fontdimen6 for font `U/MnSymbolC/m/n/5'
(microtype)             (new value: 5.0pt) on input line 55.
LaTeX Font Info:    Trying to load font information for U+fgerm on input line 5
5.

(/usr/local/texlive/2021/texmf-dist/tex/latex/fge/Ufgerm.fd
File: fgerm.fd 2015/05/19 1.25 fge roman symbol font definitions
)
Package microtype Info: Fixing zero fontdimen6 for font `U/fgerm/m/n/10'
(microtype)             (new value: 10.0pt) on input line 55.
Package microtype Info: Fixing zero fontdimen6 for font `U/fgerm/m/n/7'
(microtype)             (new value: 7.0pt) on input line 55.
Package microtype Info: Fixing zero fontdimen6 for font `U/fgerm/m/n/5'
(microtype)             (new value: 5.0pt) on input line 55.
LaTeX Font Info:    Trying to load font information for U+fgeit on input line 5
5.

(/usr/local/texlive/2021/texmf-dist/tex/latex/fge/Ufgeit.fd
File: fgeit.fd 2015/05/19 1.25 fge italic symbol font definitions
)
Package microtype Info: Fixing zero fontdimen6 for font `U/fgeit/m/n/10'
(microtype)             (new value: 10.0pt) on input line 55.
Package microtype Info: Fixing zero fontdimen6 for font `U/fgeit/m/n/7'
(microtype)             (new value: 7.0pt) on input line 55.
Package microtype Info: Fixing zero fontdimen6 for font `U/fgeit/m/n/5'
(microtype)             (new value: 5.0pt) on input line 55.
Package xypdf Info: Line width: 0.39998pt on input line 55.
LaTeX Font Info:    Trying to load font information for T1+lmss on input line 5
7.

(/usr/local/texlive/2021/texmf-dist/tex/latex/lm/t1lmss.fd
File: t1lmss.fd 2015/05/01 v1.6.1 Font defs for Latin Modern
)
Package microtype Info: Loading generic protrusion settings for font family
(microtype)             `lmss' (encoding: T1).
(microtype)             For optimal results, create family-specific settings.
(microtype)             See the microtype manual for details.
\openout3 = `0-main.vtc'.

LaTeX Font Info:    External font `lmex10' loaded for size
(Font)              <9> on input line 59.
LaTeX Font Info:    External font `lmex10' loaded for size
(Font)              <6> on input line 59.
Package microtype Info: Fixing zero fontdimen6 for font `U/MnSymbolC/m/n/9'
(microtype)             (new value: 9.0pt) on input line 59.
Package microtype Info: Fixing zero fontdimen6 for font `U/MnSymbolC/m/n/6'
(microtype)             (new value: 6.0pt) on input line 59.
Package microtype Info: Fixing zero fontdimen6 for font `U/fgerm/m/n/9'
(microtype)             (new value: 9.0pt) on input line 59.
Package microtype Info: Fixing zero fontdimen6 for font `U/fgerm/m/n/6'
(microtype)             (new value: 6.0pt) on input line 59.
Package microtype Info: Fixing zero fontdimen6 for font `U/fgeit/m/n/9'
(microtype)             (new value: 9.0pt) on input line 59.
Package microtype Info: Fixing zero fontdimen6 for font `U/fgeit/m/n/6'
(microtype)             (new value: 6.0pt) on input line 59.
LaTeX Font Info:    Trying to load font information for OT1+lmss on input line 
59.

(/usr/local/texlive/2021/texmf-dist/tex/latex/lm/ot1lmss.fd
File: ot1lmss.fd 2015/05/01 v1.6.1 Font defs for Latin Modern
)
Package microtype Info: Loading generic protrusion settings for font family
(microtype)             `lmss' (encoding: OT1).
(microtype)             For optimal results, create family-specific settings.
(microtype)             See the microtype manual for details.
 (./1-Intro.tex
<cc-by.pdf, id=142, 88.33pt x 31.11626pt>
File: cc-by.pdf Graphic file (type pdf)
<use cc-by.pdf>
Package pdftex.def Info: cc-by.pdf  used on input line 52.
(pdftex.def)             Requested size: 39.74274pt x 14.0pt.
LaTeX Font Info:    Trying to load font information for TS1+lmr on input line 5
2.

(/usr/local/texlive/2021/texmf-dist/tex/latex/lm/ts1lmr.fd
File: ts1lmr.fd 2015/05/01 v1.6.1 Font defs for Latin Modern
)
<lipics-logo-bw.pdf, id=145, 591.44762pt x 144.42657pt>
File: lipics-logo-bw.pdf Graphic file (type pdf)
<use lipics-logo-bw.pdf>
Package pdftex.def Info: lipics-logo-bw.pdf  used on input line 52.
(pdftex.def)             Requested size: 64.00354pt x 14.0pt.
 [1.1

{/usr/local/texlive/2021/texmf-var/fonts/map/pdftex/updmap/pdftex.map} <./cc-by
.pdf> <./lipics-logo-bw.pdf>]) (./2-Prelims.tex
Package hyperref Info: bookmark level for unknown definition defaults to 0 on i
nput line 9.
LaTeX Font Info:    Calculating math sizes for size <8.5> on input line 10.
LaTeX Font Info:    External font `lmex10' loaded for size
(Font)              <8.5> on input line 10.
LaTeX Font Info:    External font `lmex10' loaded for size
(Font)              <5.94997> on input line 10.
LaTeX Font Info:    External font `lmex10' loaded for size
(Font)              <4.25> on input line 10.


LaTeX Font Warning: Font shape `U/rsfs/m/n' in size <8.5> not available
(Font)              size <8> substituted on input line 10.


LaTeX Font Warning: Font shape `U/rsfs/m/n' in size <4.25> not available
(Font)              size <5> substituted on input line 10.


LaTeX Font Warning: Font shape `U/stmry/m/n' in size <8.5> not available
(Font)              size <8> substituted on input line 10.


LaTeX Font Warning: Font shape `U/stmry/m/n' in size <4.25> not available
(Font)              size <5> substituted on input line 10.

Package microtype Info: Fixing zero fontdimen6 for font `U/MnSymbolC/m/n/8.5'
(microtype)             (new value: 8.5pt) on input line 10.
Package microtype Info: Fixing zero fontdimen6 for font `U/MnSymbolC/m/n/5.9499
7'
(microtype)             (new value: 5.94997pt) on input line 10.
Package microtype Info: Fixing zero fontdimen6 for font `U/MnSymbolC/m/n/4.25'
(microtype)             (new value: 4.25pt) on input line 10.

LaTeX Font Warning: Font shape `U/fgerm/m/n' in size <8.5> not available
(Font)              size <8> substituted on input line 10.

Package microtype Info: Fixing zero fontdimen6 for font `U/fgerm/m/n/8'
(microtype)             (new value: 8.0pt) on input line 10.

LaTeX Font Warning: Font shape `U/fgerm/m/n' in size <4.25> not available
(Font)              size <5> substituted on input line 10.


LaTeX Font Warning: Font shape `U/fgeit/m/n' in size <8.5> not available
(Font)              size <8> substituted on input line 10.

Package microtype Info: Fixing zero fontdimen6 for font `U/fgeit/m/n/8'
(microtype)             (new value: 8.0pt) on input line 10.

LaTeX Font Warning: Font shape `U/fgeit/m/n' in size <4.25> not available
(Font)              size <5> substituted on input line 10.

Package hyperref Info: bookmark level for unknown remark defaults to 0 on input
 line 13.
Package hyperref Info: bookmark level for unknown example defaults to 0 on inpu
t line 20.
<Pictures/example-graph.pdf, id=203, 968.7838pt x 142.45992pt>
File: Pictures/example-graph.pdf Graphic file (type pdf)
<use Pictures/example-graph.pdf>
Package pdftex.def Info: Pictures/example-graph.pdf  used on input line 22.
(pdftex.def)             Requested size: 339.0794pt x 49.86171pt.
[2.2]
<Pictures/unary-letter.pdf, id=225, 22.76103pt x 14.96162pt>
File: Pictures/unary-letter.pdf Graphic file (type pdf)
<use Pictures/unary-letter.pdf>
Package pdftex.def Info: Pictures/unary-letter.pdf  used on input line 49.
(pdftex.def)             Requested size: 22.76096pt x 14.96158pt.
<Pictures/dom.pdf, id=226, 47.33943pt x 18.12083pt>
File: Pictures/dom.pdf Graphic file (type pdf)
<use Pictures/dom.pdf>
Package pdftex.def Info: Pictures/dom.pdf  used on input line 83.
(pdftex.def)             Requested size: 47.3393pt x 18.12077pt.
<Pictures/example-graph-term.pdf, id=227, 968.7838pt x 185.69255pt>
File: Pictures/example-graph-term.pdf Graphic file (type pdf)
<use Pictures/example-graph-term.pdf>
Package pdftex.def Info: Pictures/example-graph-term.pdf  used on input line 10
3.
(pdftex.def)             Requested size: 339.0794pt x 64.99336pt.
 [3.3 <./Pictures/example-graph.pdf> <./Pictures/unary-letter.pdf

pdfTeX warning: pdflatex (file ./Pictures/unary-letter.pdf): PDF inclusion: mul
tiple pdfs with page group included in a single page
> <./Pictures/dom.pdf

pdfTeX warning: pdflatex (file ./Pictures/dom.pdf): PDF inclusion: multiple pdf
s with page group included in a single page
> <./Pictures/example-graph-term.pdf

pdfTeX warning: pdflatex (file ./Pictures/example-graph-term.pdf): PDF inclusio
n: multiple pdfs with page group included in a single page
>]
Overfull \hbox (4.81609pt too wide) in paragraph at lines 139--146
[]
 []

Package hyperref Info: bookmark level for unknown proposition defaults to 0 on 
input line 172.
[4.4]
Package hyperref Info: bookmark level for unknown theorem defaults to 0 on inpu
t line 197.

Overfull \hbox (8.0273pt too wide) detected at line 221
[]
 []

[5.5]
Overfull \hbox (0.25652pt too wide) detected at line 231
[]
 []

<Pictures/unary-and-binary-faces.pdf, id=288, 637.25597pt x 140.83565pt>
File: Pictures/unary-and-binary-faces.pdf Graphic file (type pdf)
<use Pictures/unary-and-binary-faces.pdf>
Package pdftex.def Info: Pictures/unary-and-binary-faces.pdf  used on input lin
e 300.
(pdftex.def)             Requested size: 254.89787pt x 56.33325pt.
[6.6 <./Pictures/unary-and-binary-faces.pdf>]
<Pictures/spdt.pdf, id=308, 995.40688pt x 157.28397pt>
File: Pictures/spdt.pdf Graphic file (type pdf)
<use Pictures/spdt.pdf>
Package pdftex.def Info: Pictures/spdt.pdf  used on input line 312.
(pdftex.def)             Requested size: 398.1557pt x 62.91246pt.


LaTeX Warning: Citation `Damien' on page 7 undefined on input line 318.

<Pictures/spt.pdf, id=309, 888.68333pt x 132.4572pt>
File: Pictures/spt.pdf Graphic file (type pdf)
<use Pictures/spt.pdf>
Package pdftex.def Info: Pictures/spt.pdf  used on input line 329.
(pdftex.def)             Requested size: 311.04382pt x 46.3607pt.
<Pictures/island.pdf, id=310, 585.98991pt x 187.66855pt>
File: Pictures/island.pdf Graphic file (type pdf)
<use Pictures/island.pdf>
Package pdftex.def Info: Pictures/island.pdf  used on input line 346.
(pdftex.def)             Requested size: 205.09953pt x 65.68497pt.
[7.7 <./Pictures/spdt.pdf> <./Pictures/spt.pdf

pdfTeX warning: pdflatex (file ./Pictures/spt.pdf): PDF inclusion: multiple pdf
s with page group included in a single page
> <./Pictures/island.pdf

pdfTeX warning: pdflatex (file ./Pictures/island.pdf): PDF inclusion: multiple 
pdfs with page group included in a single page
>]
Package hyperref Info: bookmark level for unknown lemma defaults to 0 on input 
line 370.
) (./3-Regular-Expressions.tex
LaTeX Font Info:    External font `lmex10' loaded for size
(Font)              <12> on input line 1.
LaTeX Font Info:    External font `lmex10' loaded for size
(Font)              <8> on input line 1.
Package microtype Info: Fixing zero fontdimen6 for font `U/MnSymbolC/m/n/12'
(microtype)             (new value: 12.0pt) on input line 1.
Package microtype Info: Fixing zero fontdimen6 for font `U/MnSymbolC/m/n/8'
(microtype)             (new value: 8.0pt) on input line 1.
Package microtype Info: Fixing zero fontdimen6 for font `U/fgerm/m/n/12'
(microtype)             (new value: 12.0pt) on input line 1.
Package microtype Info: Fixing zero fontdimen6 for font `U/fgeit/m/n/12'
(microtype)             (new value: 12.0pt) on input line 1.


Package hyperref Warning: Token not allowed in a PDF string (Unicode):
(hyperref)                removing `math shift' on input line 1.


Package hyperref Warning: Token not allowed in a PDF string (Unicode):
(hyperref)                removing `subscript' on input line 1.


Package hyperref Warning: Token not allowed in a PDF string (Unicode):
(hyperref)                removing `math shift' on input line 1.

<Pictures/word-alphabet.pdf, id=330, 802.07945pt x 42.59892pt>
File: Pictures/word-alphabet.pdf Graphic file (type pdf)
<use Pictures/word-alphabet.pdf>
Package pdftex.def Info: Pictures/word-alphabet.pdf  used on input line 8.
(pdftex.def)             Requested size: 296.76476pt x 15.76134pt.
<Pictures/multiset-alphabet.pdf, id=331, 803.94034pt x 203.49954pt>
File: Pictures/multiset-alphabet.pdf Graphic file (type pdf)
<use Pictures/multiset-alphabet.pdf>
Package pdftex.def Info: Pictures/multiset-alphabet.pdf  used on input line 12.

(pdftex.def)             Requested size: 281.38333pt x 71.22589pt.
[8.8 <./Pictures/word-alphabet.pdf>]
<Pictures/word-and-multiset-graphs.pdf, id=354, 780.97435pt x 94.22209pt>
File: Pictures/word-and-multiset-graphs.pdf Graphic file (type pdf)
<use Pictures/word-and-multiset-graphs.pdf>
Package pdftex.def Info: Pictures/word-and-multiset-graphs.pdf  used on input l
ine 19.
(pdftex.def)             Requested size: 312.3842pt x 37.68816pt.
 [9.9 <./Pictures/multiset-alphabet.pdf> <./Pictures/word-and-multiset-graphs.p
df

pdfTeX warning: pdflatex (file ./Pictures/word-and-multiset-graphs.pdf): PDF in
clusion: multiple pdfs with page group included in a single page
>]
<Pictures/expl0.pdf, id=374, 387.47366pt x 13.38164pt>
File: Pictures/expl0.pdf Graphic file (type pdf)
<use Pictures/expl0.pdf>
Package pdftex.def Info: Pictures/expl0.pdf  used on input line 123.
(pdftex.def)             Requested size: 387.4727pt x 13.38159pt.
<Pictures/expl1.pdf, id=375, 387.47366pt x 49.37811pt>
File: Pictures/expl1.pdf Graphic file (type pdf)
<use Pictures/expl1.pdf>
Package pdftex.def Info: Pictures/expl1.pdf  used on input line 129.
(pdftex.def)             Requested size: 387.4727pt x 49.37798pt.
 [10.10 <./Pictures/expl0.pdf> <./Pictures/expl1.pdf

pdfTeX warning: pdflatex (file ./Pictures/expl1.pdf): PDF inclusion: multiple p
dfs with page group included in a single page
>]
<Pictures/TxT.pdf, id=399, 1014.76479pt x 132.97374pt>
File: Pictures/TxT.pdf Graphic file (type pdf)
<use Pictures/TxT.pdf>
Package pdftex.def Info: Pictures/TxT.pdf  used on input line 142.
(pdftex.def)             Requested size: 355.17299pt x 46.54149pt.
) (./4-Companion-Relations.tex
<Pictures/guarded-set-of-paths.pdf, id=403, 855.68462pt x 153.85448pt>
File: Pictures/guarded-set-of-paths.pdf Graphic file (type pdf)
<use Pictures/guarded-set-of-paths.pdf>
Package pdftex.def Info: Pictures/guarded-set-of-paths.pdf  used on input line 
17.
(pdftex.def)             Requested size: 342.26778pt x 61.54068pt.
 [11.11 <./Pictures/TxT.pdf> <./Pictures/guarded-set-of-paths.pdf

pdfTeX warning: pdflatex (file ./Pictures/guarded-set-of-paths.pdf): PDF inclus
ion: multiple pdfs with page group included in a single page
>]

Package hyperref Warning: Token not allowed in a PDF string (Unicode):
(hyperref)                removing `math shift' on input line 37.


Package hyperref Warning: Token not allowed in a PDF string (Unicode):
(hyperref)                removing `superscript' on input line 37.


Package hyperref Warning: Token not allowed in a PDF string (Unicode):
(hyperref)                removing `math shift' on input line 37.


Package hyperref Warning: Token not allowed in a PDF string (Unicode):
(hyperref)                removing `math shift' on input line 37.


Package hyperref Warning: Token not allowed in a PDF string (Unicode):
(hyperref)                removing `math shift' on input line 37.

<Pictures/encoding-set-of-paths.pdf, id=423, 454.14122pt x 73.02492pt>
File: Pictures/encoding-set-of-paths.pdf Graphic file (type pdf)
<use Pictures/encoding-set-of-paths.pdf>
Package pdftex.def Info: Pictures/encoding-set-of-paths.pdf  used on input line
 64.
(pdftex.def)             Requested size: 204.36165pt x 32.86089pt.
[12.12 <./Pictures/encoding-set-of-paths.pdf>]
Package hyperref Info: bookmark level for unknown claim defaults to 0 on input 
line 76.
<Pictures/proof-encoding-paths.pdf, id=446, 718.16284pt x 310.03447pt>
File: Pictures/proof-encoding-paths.pdf Graphic file (type pdf)
<use Pictures/proof-encoding-paths.pdf>
Package pdftex.def Info: Pictures/proof-encoding-paths.pdf  used on input line 
89.
(pdftex.def)             Requested size: 215.45052pt x 93.01105pt.
 [13.13 <./Pictures/proof-encoding-paths.pdf>]) (./5-Regular->MSO.tex

Package hyperref Warning: Token not allowed in a PDF string (Unicode):
(hyperref)                removing `math shift' on input line 1.


Package hyperref Warning: Token not allowed in a PDF string (Unicode):
(hyperref)                removing `math shift' on input line 1.


Package hyperref Warning: Token not allowed in a PDF string (Unicode):
(hyperref)                removing `math shift' on input line 24.


Package hyperref Warning: Token not allowed in a PDF string (Unicode):
(hyperref)                removing `math shift' on input line 24.


Package hyperref Warning: Token not allowed in a PDF string (Unicode):
(hyperref)                removing `math shift' on input line 24.


Package hyperref Warning: Token not allowed in a PDF string (Unicode):
(hyperref)                removing `superscript' on input line 24.


Package hyperref Warning: Token not allowed in a PDF string (Unicode):
(hyperref)                removing `math shift' on input line 24.

[14.14]
<Pictures/decomposition.pdf, id=477, 3175.60721pt x 928.8941pt>
File: Pictures/decomposition.pdf Graphic file (type pdf)
<use Pictures/decomposition.pdf>
Package pdftex.def Info: Pictures/decomposition.pdf  used on input line 52.
(pdftex.def)             Requested size: 317.57933pt x 92.89485pt.
<Pictures/body.pdf, id=479, 2520.37631pt x 493.38533pt>
File: Pictures/body.pdf Graphic file (type pdf)
<use Pictures/body.pdf>
Package pdftex.def Info: Pictures/body.pdf  used on input line 73.
(pdftex.def)             Requested size: 252.0524pt x 49.34142pt.
 [15.15 <./Pictures/decomposition.pdf> <./Pictures/body.pdf

pdfTeX warning: pdflatex (file ./Pictures/body.pdf): PDF inclusion: multiple pd
fs with page group included in a single page
>]

Package hyperref Warning: Token not allowed in a PDF string (Unicode):
(hyperref)                removing `math shift' on input line 108.


Package hyperref Warning: Token not allowed in a PDF string (Unicode):
(hyperref)                removing `superscript' on input line 108.


Package hyperref Warning: Token not allowed in a PDF string (Unicode):
(hyperref)                removing `math shift' on input line 108.


Package hyperref Warning: Token not allowed in a PDF string (Unicode):
(hyperref)                removing `math shift' on input line 138.


Package hyperref Warning: Token not allowed in a PDF string (Unicode):
(hyperref)                removing `superscript' on input line 138.


Package hyperref Warning: Token not allowed in a PDF string (Unicode):
(hyperref)                removing `math shift' on input line 138.

<Pictures/complete-set.pdf, id=626, 1045.33603pt x 425.4394pt>
File: Pictures/complete-set.pdf Graphic file (type pdf)
<use Pictures/complete-set.pdf>
Package pdftex.def Info: Pictures/complete-set.pdf  used on input line 156.
(pdftex.def)             Requested size: 125.4349pt x 51.05052pt.
[16.16]
Overfull \hbox (33.49901pt too wide) in paragraph at lines 163--171
[][] 
 []

[17.17 <./Pictures/complete-set.pdf>]
<Pictures/transfer-interpretation.pdf, id=672, 2476.7894pt x 427.4327pt>
File: Pictures/transfer-interpretation.pdf Graphic file (type pdf)
<use Pictures/transfer-interpretation.pdf>
Package pdftex.def Info: Pictures/transfer-interpretation.pdf  used on input li
ne 214.
(pdftex.def)             Requested size: 297.2019pt x 51.2897pt.
Package hyperref Info: bookmark level for unknown corollary defaults to 0 on in
put line 242.


Package hyperref Warning: Token not allowed in a PDF string (Unicode):
(hyperref)                removing `math shift' on input line 245.


Package hyperref Warning: Token not allowed in a PDF string (Unicode):
(hyperref)                removing `math shift' on input line 245.


Package hyperref Warning: Token not allowed in a PDF string (Unicode):
(hyperref)                removing `math shift' on input line 245.


Package hyperref Warning: Token not allowed in a PDF string (Unicode):
(hyperref)                removing `superscript' on input line 245.


Package hyperref Warning: Token not allowed in a PDF string (Unicode):
(hyperref)                removing `math shift' on input line 245.

[18.18 <./Pictures/transfer-interpretation.pdf>]
<Pictures/decomp-test.pdf, id=726, 942.22314pt x 221.89157pt>
File: Pictures/decomp-test.pdf Graphic file (type pdf)
<use Pictures/decomp-test.pdf>
Package pdftex.def Info: Pictures/decomp-test.pdf  used on input line 252.
(pdftex.def)             Requested size: 310.9346pt x 73.22444pt.
<Pictures/decomp-test-proof.pdf, id=728, 669.28922pt x 215.38164pt>
File: Pictures/decomp-test-proof.pdf Graphic file (type pdf)
<use Pictures/decomp-test-proof.pdf>
Package pdftex.def Info: Pictures/decomp-test-proof.pdf  used on input line 296
.
(pdftex.def)             Requested size: 240.94392pt x 77.53732pt.
 [19.19 <./Pictures/decomp-test.pdf> <./Pictures/decomp-test-proof.pdf

pdfTeX warning: pdflatex (file ./Pictures/decomp-test-proof.pdf): PDF inclusion
: multiple pdfs with page group included in a single page
>] [20.20]
Overfull \hbox (11.13286pt too wide) detected at line 366
[]
 []

[21.21] [22.22] [23.23] [24.24] [25.25]) (./6-Recognizable->Regular.tex
[26.26] [27.27]

Package hyperref Warning: Token not allowed in a PDF string (Unicode):
(hyperref)                removing `math shift' on input line 128.


Package hyperref Warning: Token not allowed in a PDF string (Unicode):
(hyperref)                removing `subscript' on input line 128.


Package hyperref Warning: Token not allowed in a PDF string (Unicode):
(hyperref)                removing `math shift' on input line 128.

[28.28]) (./7-Conclusion.tex) [29.29] (./0-main.bbl
LaTeX Font Info:    Trying to load font information for T1+lmtt on input line 2
6.

(/usr/local/texlive/2021/texmf-dist/tex/latex/lm/t1lmtt.fd
File: t1lmtt.fd 2015/05/01 v1.6.1 Font defs for Latin Modern
)
Package microtype Info: Loading generic protrusion settings for font family
(microtype)             `lmtt' (encoding: T1).
(microtype)             For optimal results, create family-specific settings.
(microtype)             See the microtype manual for details.
) [30.30

]
(./0-main.aux)

LaTeX Font Warning: Size substitutions with differences
(Font)              up to 0.75pt have occurred.


LaTeX Warning: There were undefined references.


LaTeX Warning: Label(s) may have changed. Rerun to get cross-references right.

Package rerunfilecheck Info: File `0-main.out' has not changed.
(rerunfilecheck)             Checksum: 433EBE8624B721FA137F1980F5C7FA99;6614.
 ) 
Here is how much of TeX's memory you used:
 42986 strings out of 478994
 810619 string characters out of 5858190
 1191544 words of memory out of 5000000
 58719 multiletter control sequences out of 15000+600000
 603614 words of font info for 428 fonts, out of 8000000 for 9000
 1141 hyphenation exceptions out of 8191
 102i,12n,102p,3269b,1072s stack positions out of 5000i,500n,10000p,200000b,80000s
{/usr/local/texlive/2021/texmf-dist/fonts/enc/dvips/lm/lm-ec.enc}{/usr/local/
texlive/2021/texmf-dist/fonts/enc/dvips/lm/lm-rm.enc}{/usr/local/texlive/2021/t
exmf-dist/fonts/enc/dvips/lm/lm-mathit.enc}{/usr/local/texlive/2021/texmf-dist/
fonts/enc/dvips/lm/lm-mathsy.enc}{/usr/local/texlive/2021/texmf-dist/fonts/enc/
dvips/lm/lm-mathex.enc}{/usr/local/texlive/2021/texmf-dist/fonts/enc/dvips/old-
arrows/oasy.enc}{/usr/local/texlive/2021/texmf-dist/fonts/enc/dvips/lm/lm-ts1.e
nc}</usr/local/texlive/2021/texmf-dist/fonts/type1/public/lm/lmbx10.pfb></usr/l
ocal/texlive/2021/texmf-dist/fonts/type1/public/lm/lmbx12.pfb></usr/local/texli
ve/2021/texmf-dist/fonts/type1/public/lm/lmbxi10.pfb></usr/local/texlive/2021/t
exmf-dist/fonts/type1/public/lm/lmex10.pfb></usr/local/texlive/2021/texmf-dist/
fonts/type1/public/lm/lmmi10.pfb></usr/local/texlive/2021/texmf-dist/fonts/type
1/public/lm/lmmi5.pfb></usr/local/texlive/2021/texmf-dist/fonts/type1/public/lm
/lmmi7.pfb></usr/local/texlive/2021/texmf-dist/fonts/type1/public/lm/lmmi8.pfb>
</usr/local/texlive/2021/texmf-dist/fonts/type1/public/lm/lmmi9.pfb></usr/local
/texlive/2021/texmf-dist/fonts/type1/public/lm/lmr10.pfb></usr/local/texlive/20
21/texmf-dist/fonts/type1/public/lm/lmr6.pfb></usr/local/texlive/2021/texmf-dis
t/fonts/type1/public/lm/lmr7.pfb></usr/local/texlive/2021/texmf-dist/fonts/type
1/public/lm/lmr8.pfb></usr/local/texlive/2021/texmf-dist/fonts/type1/public/lm/
lmr9.pfb></usr/local/texlive/2021/texmf-dist/fonts/type1/public/lm/lmri10.pfb><
/usr/local/texlive/2021/texmf-dist/fonts/type1/public/lm/lmri9.pfb></usr/local/
texlive/2021/texmf-dist/fonts/type1/public/lm/lmss10.pfb></usr/local/texlive/20
21/texmf-dist/fonts/type1/public/lm/lmss12.pfb></usr/local/texlive/2021/texmf-d
ist/fonts/type1/public/lm/lmss8.pfb></usr/local/texlive/2021/texmf-dist/fonts/t
ype1/public/lm/lmss9.pfb></usr/local/texlive/2021/texmf-dist/fonts/type1/public
/lm/lmssbx10.pfb></usr/local/texlive/2021/texmf-dist/fonts/type1/public/lm/lmsy
10.pfb></usr/local/texlive/2021/texmf-dist/fonts/type1/public/lm/lmsy6.pfb></us
r/local/texlive/2021/texmf-dist/fonts/type1/public/lm/lmsy7.pfb></usr/local/tex
live/2021/texmf-dist/fonts/type1/public/lm/lmsy9.pfb></usr/local/texlive/2021/t
exmf-dist/fonts/type1/public/lm/lmtt9.pfb></usr/local/texlive/2021/texmf-dist/f
onts/type1/public/amsfonts/symbols/msam10.pfb></usr/local/texlive/2021/texmf-di
st/fonts/type1/public/amsfonts/symbols/msbm10.pfb></usr/local/texlive/2021/texm
f-dist/fonts/type1/public/amsfonts/symbols/msbm7.pfb></usr/local/texlive/2021/t
exmf-dist/fonts/type1/public/old-arrows/oasy10.pfb></usr/local/texlive/2021/tex
mf-dist/fonts/type1/public/old-arrows/oasy9.pfb></usr/local/texlive/2021/texmf-
dist/fonts/type1/public/stmaryrd/stmary10.pfb>
Output written on 0-main.pdf (30 pages, 855525 bytes).
PDF statistics:
 1082 PDF objects out of 1200 (max. 8388607)
 921 compressed objects within 10 object streams
 325 named destinations out of 1000 (max. 500000)
 105352 words of extra memory for PDF output out of 106986 (max. 10000000)

